2023-10-24 14:57:43,990 [Worker-14] INFO  o.e.m.c.i.p.ProjectConfigurationManager - Collecting project info '/pom.xml' C:\Users\DAVID\Desktop\CL2_maven-Anastacio Huertas\examen_CL2\pom.xml
2023-10-24 14:57:45,146 [Worker-14] INFO  o.e.m.c.i.l.LifecycleMappingFactory - Using org.maven.ide.eclipse.wtp.WarLifecycleMapping lifecycle mapping for MavenProject: com.maven.examen:examen_CL2:0.0.1-SNAPSHOT @ C:\Users\DAVID\Desktop\CL2_maven-Anastacio Huertas\examen_CL2\pom.xml.
2023-10-24 14:57:46,179 [Worker-14] INFO  o.e.m.j.i.AbstractJavaProjectConfigurator - Adding source folder /examen_CL2/src/main/java
2023-10-24 14:57:46,180 [Worker-14] INFO  o.e.m.j.i.AbstractJavaProjectConfigurator - Adding resource folder /examen_CL2/src/main/resources
2023-10-24 14:57:46,181 [Worker-14] INFO  o.e.m.j.i.AbstractJavaProjectConfigurator - Adding source folder /examen_CL2/src/test/java
2023-10-24 14:57:47,801 [Worker-14] INFO  o.e.m.c.i.p.ProjectConfigurationManager - Imported and configured 1 project(s) in 3 sec
2023-10-24 14:57:48,185 [Worker-15] WARN  o.e.m.c.i.embedder.EclipseLogger - Using platform encoding (Cp1252 actually) to copy filtered resources, i.e. build is platform dependent!
2023-10-24 14:57:48,192 [Worker-15] INFO  o.e.m.c.i.embedder.EclipseLogger - Copying 0 resource
2023-10-24 14:57:48,195 [Worker-15] WARN  o.e.m.c.i.embedder.EclipseLogger - Using platform encoding (Cp1252 actually) to copy filtered resources, i.e. build is platform dependent!
2023-10-24 14:57:48,196 [Worker-15] INFO  o.e.m.c.i.embedder.EclipseLogger - skip non existing resourceDirectory C:\Users\DAVID\Desktop\CL2_maven-Anastacio Huertas\examen_CL2\src\test\resources
2023-10-24 14:57:49,778 [Worker-5] WARN  o.e.m.c.i.embedder.EclipseLogger - Using platform encoding (Cp1252 actually) to copy filtered resources, i.e. build is platform dependent!
2023-10-24 14:57:49,781 [Worker-5] INFO  o.e.m.c.i.embedder.EclipseLogger - Copying 0 resource
2023-10-24 14:57:49,783 [Worker-5] WARN  o.e.m.c.i.embedder.EclipseLogger - Using platform encoding (Cp1252 actually) to copy filtered resources, i.e. build is platform dependent!
2023-10-24 14:57:49,784 [Worker-5] INFO  o.e.m.c.i.embedder.EclipseLogger - skip non existing resourceDirectory C:\Users\DAVID\Desktop\CL2_maven-Anastacio Huertas\examen_CL2\src\test\resources
2023-10-24 14:57:50,856 [Worker-10] WARN  o.e.m.c.i.embedder.EclipseLogger - Using platform encoding (Cp1252 actually) to copy filtered resources, i.e. build is platform dependent!
2023-10-24 14:57:50,857 [Worker-10] INFO  o.e.m.c.i.embedder.EclipseLogger - Copying 0 resource
2023-10-24 14:57:50,858 [Worker-10] WARN  o.e.m.c.i.embedder.EclipseLogger - Using platform encoding (Cp1252 actually) to copy filtered resources, i.e. build is platform dependent!
2023-10-24 14:57:50,859 [Worker-10] INFO  o.e.m.c.i.embedder.EclipseLogger - skip non existing resourceDirectory C:\Users\DAVID\Desktop\CL2_maven-Anastacio Huertas\examen_CL2\src\test\resources
2023-10-24 15:01:56,583 [Worker-18] INFO  o.e.m.c.i.l.LifecycleMappingFactory - Using org.maven.ide.eclipse.wtp.WarLifecycleMapping lifecycle mapping for MavenProject: com.maven.examen:examen_CL2:0.0.1-SNAPSHOT @ C:\Users\DAVID\Desktop\CL2_maven-Anastacio Huertas\examen_CL2\pom.xml.
2023-10-24 15:01:57,283 [Worker-18] WARN  o.e.m.c.i.embedder.EclipseLogger - Using platform encoding (Cp1252 actually) to copy filtered resources, i.e. build is platform dependent!
2023-10-24 15:01:57,286 [Worker-18] INFO  o.e.m.c.i.embedder.EclipseLogger - Copying 0 resource
2023-10-24 15:01:57,288 [Worker-18] WARN  o.e.m.c.i.embedder.EclipseLogger - Using platform encoding (Cp1252 actually) to copy filtered resources, i.e. build is platform dependent!
2023-10-24 15:01:57,288 [Worker-18] INFO  o.e.m.c.i.embedder.EclipseLogger - skip non existing resourceDirectory C:\Users\DAVID\Desktop\CL2_maven-Anastacio Huertas\examen_CL2\src\test\resources
2023-10-24 15:01:57,289 [Worker-18] INFO  o.e.m.w.i.f.ResourceFilteringBuildParticipant - Changed resources require a complete clean of filtered resources of examen_CL2
2023-10-24 15:01:57,291 [Worker-18] INFO  o.e.m.w.i.f.ResourceFilteringBuildParticipant - Executing resource filtering for examen_CL2
2023-10-24 15:01:57,297 [Worker-18] WARN  o.e.m.c.i.embedder.EclipseLogger - Using platform encoding (Cp1252 actually) to copy filtered resources, i.e. build is platform dependent!
2023-10-24 15:02:21,810 [Worker-15] INFO  o.e.m.c.i.l.LifecycleMappingFactory - Using org.maven.ide.eclipse.wtp.WarLifecycleMapping lifecycle mapping for MavenProject: com.maven.examen:examen_CL2:0.0.1-SNAPSHOT @ C:\Users\DAVID\Desktop\CL2_maven-Anastacio Huertas\examen_CL2\pom.xml.
2023-10-24 15:02:22,495 [Worker-15] WARN  o.e.m.c.i.embedder.EclipseLogger - Using platform encoding (Cp1252 actually) to copy filtered resources, i.e. build is platform dependent!
2023-10-24 15:02:22,497 [Worker-15] INFO  o.e.m.c.i.embedder.EclipseLogger - Copying 0 resource
2023-10-24 15:02:22,498 [Worker-15] WARN  o.e.m.c.i.embedder.EclipseLogger - Using platform encoding (Cp1252 actually) to copy filtered resources, i.e. build is platform dependent!
2023-10-24 15:02:22,500 [Worker-15] INFO  o.e.m.c.i.embedder.EclipseLogger - skip non existing resourceDirectory C:\Users\DAVID\Desktop\CL2_maven-Anastacio Huertas\examen_CL2\src\test\resources
2023-10-24 15:02:22,500 [Worker-15] INFO  o.e.m.w.i.f.ResourceFilteringBuildParticipant - Changed resources require a complete clean of filtered resources of examen_CL2
2023-10-24 15:02:22,500 [Worker-15] INFO  o.e.m.w.i.f.ResourceFilteringBuildParticipant - Executing resource filtering for examen_CL2
2023-10-24 15:02:22,504 [Worker-15] WARN  o.e.m.c.i.embedder.EclipseLogger - Using platform encoding (Cp1252 actually) to copy filtered resources, i.e. build is platform dependent!
2023-10-24 15:02:26,872 [Worker-20] WARN  o.e.m.c.i.embedder.EclipseLogger - Using platform encoding (Cp1252 actually) to copy filtered resources, i.e. build is platform dependent!
2023-10-24 15:02:26,873 [Worker-20] INFO  o.e.m.c.i.embedder.EclipseLogger - Copying 0 resource
2023-10-24 15:02:26,875 [Worker-20] WARN  o.e.m.c.i.embedder.EclipseLogger - Using platform encoding (Cp1252 actually) to copy filtered resources, i.e. build is platform dependent!
2023-10-24 15:02:26,876 [Worker-20] INFO  o.e.m.c.i.embedder.EclipseLogger - skip non existing resourceDirectory C:\Users\DAVID\Desktop\CL2_maven-Anastacio Huertas\examen_CL2\src\test\resources
2023-10-24 15:02:32,285 [Worker-18] INFO  o.e.m.c.i.p.ProjectConfigurationManager - Update started
2023-10-24 15:02:33,499 [Worker-18] INFO  o.e.m.c.i.l.LifecycleMappingFactory - Using org.maven.ide.eclipse.wtp.WarLifecycleMapping lifecycle mapping for MavenProject: com.maven.examen:examen_CL2:0.0.1-SNAPSHOT @ C:\Users\DAVID\Desktop\CL2_maven-Anastacio Huertas\examen_CL2\pom.xml.
2023-10-24 15:02:34,026 [Worker-18] INFO  o.e.m.j.i.AbstractJavaProjectConfigurator - Adding source folder /examen_CL2/src/main/java
2023-10-24 15:02:34,026 [Worker-18] INFO  o.e.m.j.i.AbstractJavaProjectConfigurator - Adding resource folder /examen_CL2/src/main/resources
2023-10-24 15:02:34,027 [Worker-18] INFO  o.e.m.j.i.AbstractJavaProjectConfigurator - Adding source folder /examen_CL2/src/test/java
2023-10-24 15:02:34,806 [Worker-18] INFO  o.e.m.w.i.f.ResourceFilteringBuildParticipant - Cleaning filtered folder for examen_CL2
2023-10-24 15:02:34,811 [Worker-18] INFO  o.e.m.c.i.p.ProjectConfigurationManager - Update completed: 2 sec
2023-10-24 15:02:34,872 [Worker-10] WARN  o.e.m.c.i.embedder.EclipseLogger - Using platform encoding (Cp1252 actually) to copy filtered resources, i.e. build is platform dependent!
2023-10-24 15:02:34,874 [Worker-10] INFO  o.e.m.c.i.embedder.EclipseLogger - Copying 0 resource
2023-10-24 15:02:34,876 [Worker-10] WARN  o.e.m.c.i.embedder.EclipseLogger - Using platform encoding (Cp1252 actually) to copy filtered resources, i.e. build is platform dependent!
2023-10-24 15:02:34,877 [Worker-10] INFO  o.e.m.c.i.embedder.EclipseLogger - skip non existing resourceDirectory C:\Users\DAVID\Desktop\CL2_maven-Anastacio Huertas\examen_CL2\src\test\resources
2023-10-24 15:02:34,877 [Worker-10] INFO  o.e.m.w.i.f.ResourceFilteringBuildParticipant - Changed resources require a complete clean of filtered resources of examen_CL2
2023-10-24 15:02:34,878 [Worker-10] INFO  o.e.m.w.i.f.ResourceFilteringBuildParticipant - Executing resource filtering for examen_CL2
2023-10-24 15:02:34,882 [Worker-10] WARN  o.e.m.c.i.embedder.EclipseLogger - Using platform encoding (Cp1252 actually) to copy filtered resources, i.e. build is platform dependent!
2023-10-24 15:02:35,169 [Worker-23] WARN  o.e.m.c.i.embedder.EclipseLogger - Using platform encoding (Cp1252 actually) to copy filtered resources, i.e. build is platform dependent!
2023-10-24 15:02:35,173 [Worker-23] INFO  o.e.m.c.i.embedder.EclipseLogger - Copying 0 resource
2023-10-24 15:02:35,174 [Worker-23] WARN  o.e.m.c.i.embedder.EclipseLogger - Using platform encoding (Cp1252 actually) to copy filtered resources, i.e. build is platform dependent!
2023-10-24 15:02:35,176 [Worker-23] INFO  o.e.m.c.i.embedder.EclipseLogger - skip non existing resourceDirectory C:\Users\DAVID\Desktop\CL2_maven-Anastacio Huertas\examen_CL2\src\test\resources
2023-10-24 15:05:47,165 [Worker-24] INFO  o.e.m.c.i.l.LifecycleMappingFactory - Using org.maven.ide.eclipse.wtp.WarLifecycleMapping lifecycle mapping for MavenProject: com.maven.examen:examen_CL2:0.0.1-SNAPSHOT @ C:\Users\DAVID\Desktop\CL2_maven-Anastacio Huertas\examen_CL2\pom.xml.
2023-10-24 15:05:53,424 [Worker-24] WARN  o.e.m.c.i.embedder.EclipseLogger - Using platform encoding (Cp1252 actually) to copy filtered resources, i.e. build is platform dependent!
2023-10-24 15:05:53,426 [Worker-24] INFO  o.e.m.c.i.embedder.EclipseLogger - Copying 0 resource
2023-10-24 15:05:53,427 [Worker-24] WARN  o.e.m.c.i.embedder.EclipseLogger - Using platform encoding (Cp1252 actually) to copy filtered resources, i.e. build is platform dependent!
2023-10-24 15:05:53,428 [Worker-24] INFO  o.e.m.c.i.embedder.EclipseLogger - skip non existing resourceDirectory C:\Users\DAVID\Desktop\CL2_maven-Anastacio Huertas\examen_CL2\src\test\resources
2023-10-24 15:05:53,428 [Worker-24] INFO  o.e.m.w.i.f.ResourceFilteringBuildParticipant - Changed resources require a complete clean of filtered resources of examen_CL2
2023-10-24 15:05:53,428 [Worker-24] INFO  o.e.m.w.i.f.ResourceFilteringBuildParticipant - Executing resource filtering for examen_CL2
2023-10-24 15:05:53,432 [Worker-24] WARN  o.e.m.c.i.embedder.EclipseLogger - Using platform encoding (Cp1252 actually) to copy filtered resources, i.e. build is platform dependent!
2023-10-24 15:05:54,967 [Worker-27] WARN  o.e.m.c.i.embedder.EclipseLogger - Using platform encoding (Cp1252 actually) to copy filtered resources, i.e. build is platform dependent!
2023-10-24 15:05:54,968 [Worker-27] INFO  o.e.m.c.i.embedder.EclipseLogger - Copying 0 resource
2023-10-24 15:05:54,969 [Worker-27] WARN  o.e.m.c.i.embedder.EclipseLogger - Using platform encoding (Cp1252 actually) to copy filtered resources, i.e. build is platform dependent!
2023-10-24 15:05:54,970 [Worker-27] INFO  o.e.m.c.i.embedder.EclipseLogger - skip non existing resourceDirectory C:\Users\DAVID\Desktop\CL2_maven-Anastacio Huertas\examen_CL2\src\test\resources
2023-10-24 16:12:39,581 [Worker-41] WARN  o.e.m.c.i.embedder.EclipseLogger - Using platform encoding (Cp1252 actually) to copy filtered resources, i.e. build is platform dependent!
2023-10-24 16:12:39,583 [Worker-41] INFO  o.e.m.c.i.embedder.EclipseLogger - Copying 0 resource
2023-10-24 16:12:39,585 [Worker-41] WARN  o.e.m.c.i.embedder.EclipseLogger - Using platform encoding (Cp1252 actually) to copy filtered resources, i.e. build is platform dependent!
2023-10-24 16:12:39,586 [Worker-41] INFO  o.e.m.c.i.embedder.EclipseLogger - skip non existing resourceDirectory C:\Users\DAVID\Desktop\CL2_maven-Anastacio Huertas\examen_CL2\src\test\resources
2023-10-24 16:12:47,152 [Worker-38] INFO  o.e.m.c.i.p.ProjectConfigurationManager - Update started
2023-10-24 16:12:47,981 [Worker-38] INFO  o.e.m.c.i.l.LifecycleMappingFactory - Using org.maven.ide.eclipse.wtp.WarLifecycleMapping lifecycle mapping for MavenProject: com.maven.examen:examen_CL2:0.0.1-SNAPSHOT @ C:\Users\DAVID\Desktop\CL2_maven-Anastacio Huertas\examen_CL2\pom.xml.
2023-10-24 16:12:50,146 [Worker-38] INFO  o.e.m.j.i.AbstractJavaProjectConfigurator - Adding source folder /examen_CL2/src/main/java
2023-10-24 16:12:50,147 [Worker-38] INFO  o.e.m.j.i.AbstractJavaProjectConfigurator - Adding resource folder /examen_CL2/src/main/resources
2023-10-24 16:12:50,148 [Worker-38] INFO  o.e.m.j.i.AbstractJavaProjectConfigurator - Adding source folder /examen_CL2/src/test/java
2023-10-24 16:12:51,054 [Worker-38] INFO  o.e.m.w.i.f.ResourceFilteringBuildParticipant - Cleaning filtered folder for examen_CL2
2023-10-24 16:12:51,070 [Worker-38] INFO  o.e.m.c.i.p.ProjectConfigurationManager - Update completed: 3 sec
2023-10-24 16:12:51,905 [Worker-43] WARN  o.e.m.c.i.embedder.EclipseLogger - Using platform encoding (Cp1252 actually) to copy filtered resources, i.e. build is platform dependent!
2023-10-24 16:12:51,908 [Worker-43] INFO  o.e.m.c.i.embedder.EclipseLogger - Copying 0 resource
2023-10-24 16:12:51,913 [Worker-43] WARN  o.e.m.c.i.embedder.EclipseLogger - Using platform encoding (Cp1252 actually) to copy filtered resources, i.e. build is platform dependent!
2023-10-24 16:12:51,914 [Worker-43] INFO  o.e.m.c.i.embedder.EclipseLogger - skip non existing resourceDirectory C:\Users\DAVID\Desktop\CL2_maven-Anastacio Huertas\examen_CL2\src\test\resources
2023-10-24 16:12:51,914 [Worker-43] INFO  o.e.m.w.i.f.ResourceFilteringBuildParticipant - Changed resources require a complete clean of filtered resources of examen_CL2
2023-10-24 16:12:51,914 [Worker-43] INFO  o.e.m.w.i.f.ResourceFilteringBuildParticipant - Executing resource filtering for examen_CL2
2023-10-24 16:12:51,918 [Worker-43] WARN  o.e.m.c.i.embedder.EclipseLogger - Using platform encoding (Cp1252 actually) to copy filtered resources, i.e. build is platform dependent!
2023-10-24 16:17:15,530 [Worker-46] WARN  o.e.m.c.i.embedder.EclipseLogger - Using platform encoding (Cp1252 actually) to copy filtered resources, i.e. build is platform dependent!
2023-10-24 16:17:15,533 [Worker-46] INFO  o.e.m.c.i.embedder.EclipseLogger - Copying 0 resource
2023-10-24 16:17:15,536 [Worker-46] WARN  o.e.m.c.i.embedder.EclipseLogger - Using platform encoding (Cp1252 actually) to copy filtered resources, i.e. build is platform dependent!
2023-10-24 16:17:15,536 [Worker-46] INFO  o.e.m.c.i.embedder.EclipseLogger - skip non existing resourceDirectory C:\Users\DAVID\Desktop\CL2_maven-Anastacio Huertas\examen_CL2\src\test\resources
2023-10-24 16:17:37,469 [Worker-42] WARN  o.e.m.c.i.embedder.EclipseLogger - Using platform encoding (Cp1252 actually) to copy filtered resources, i.e. build is platform dependent!
2023-10-24 16:17:37,471 [Worker-42] INFO  o.e.m.c.i.embedder.EclipseLogger - Copying 1 resource
2023-10-24 16:17:37,480 [Worker-42] WARN  o.e.m.c.i.embedder.EclipseLogger - Using platform encoding (Cp1252 actually) to copy filtered resources, i.e. build is platform dependent!
2023-10-24 16:17:37,481 [Worker-42] INFO  o.e.m.c.i.embedder.EclipseLogger - skip non existing resourceDirectory C:\Users\DAVID\Desktop\CL2_maven-Anastacio Huertas\examen_CL2\src\test\resources
2023-10-24 16:18:44,044 [Worker-48] WARN  o.e.m.c.i.embedder.EclipseLogger - Using platform encoding (Cp1252 actually) to copy filtered resources, i.e. build is platform dependent!
2023-10-24 16:18:44,045 [Worker-48] INFO  o.e.m.c.i.embedder.EclipseLogger - Copying 1 resource
2023-10-24 16:18:44,048 [Worker-48] WARN  o.e.m.c.i.embedder.EclipseLogger - Using platform encoding (Cp1252 actually) to copy filtered resources, i.e. build is platform dependent!
2023-10-24 16:18:44,048 [Worker-48] INFO  o.e.m.c.i.embedder.EclipseLogger - skip non existing resourceDirectory C:\Users\DAVID\Desktop\CL2_maven-Anastacio Huertas\examen_CL2\src\test\resources
2023-10-24 16:18:53,671 [Worker-46] WARN  o.e.m.c.i.embedder.EclipseLogger - Using platform encoding (Cp1252 actually) to copy filtered resources, i.e. build is platform dependent!
2023-10-24 16:18:53,673 [Worker-46] INFO  o.e.m.c.i.embedder.EclipseLogger - Copying 1 resource
2023-10-24 16:18:53,675 [Worker-46] WARN  o.e.m.c.i.embedder.EclipseLogger - Using platform encoding (Cp1252 actually) to copy filtered resources, i.e. build is platform dependent!
2023-10-24 16:18:53,676 [Worker-46] INFO  o.e.m.c.i.embedder.EclipseLogger - skip non existing resourceDirectory C:\Users\DAVID\Desktop\CL2_maven-Anastacio Huertas\examen_CL2\src\test\resources
2023-10-24 16:20:23,019 [Worker-45] WARN  o.e.m.c.i.embedder.EclipseLogger - Using platform encoding (Cp1252 actually) to copy filtered resources, i.e. build is platform dependent!
2023-10-24 16:20:23,023 [Worker-45] INFO  o.e.m.c.i.embedder.EclipseLogger - Copying 1 resource
2023-10-24 16:20:23,024 [Worker-45] WARN  o.e.m.c.i.embedder.EclipseLogger - Using platform encoding (Cp1252 actually) to copy filtered resources, i.e. build is platform dependent!
2023-10-24 16:20:23,024 [Worker-45] INFO  o.e.m.c.i.embedder.EclipseLogger - skip non existing resourceDirectory C:\Users\DAVID\Desktop\CL2_maven-Anastacio Huertas\examen_CL2\src\test\resources
2023-10-24 16:22:17,892 [Worker-45] INFO  o.e.m.c.i.p.ProjectConfigurationManager - Update started
2023-10-24 16:22:18,274 [Worker-45] INFO  o.e.m.c.i.l.LifecycleMappingFactory - Using org.maven.ide.eclipse.wtp.WarLifecycleMapping lifecycle mapping for MavenProject: com.maven.examen:examen_CL2:0.0.1-SNAPSHOT @ C:\Users\DAVID\Desktop\CL2_maven-Anastacio Huertas\examen_CL2\pom.xml.
2023-10-24 16:22:19,314 [Worker-45] INFO  o.e.m.j.i.AbstractJavaProjectConfigurator - Adding source folder /examen_CL2/src/main/java
2023-10-24 16:22:19,315 [Worker-45] INFO  o.e.m.j.i.AbstractJavaProjectConfigurator - Adding resource folder /examen_CL2/src/main/resources
2023-10-24 16:22:19,315 [Worker-45] INFO  o.e.m.j.i.AbstractJavaProjectConfigurator - Adding source folder /examen_CL2/src/test/java
2023-10-24 16:22:20,126 [Worker-45] INFO  o.e.m.w.i.f.ResourceFilteringBuildParticipant - Cleaning filtered folder for examen_CL2
2023-10-24 16:22:20,131 [Worker-45] INFO  o.e.m.c.i.p.ProjectConfigurationManager - Update completed: 2 sec
2023-10-24 16:22:21,328 [Worker-55] WARN  o.e.m.c.i.embedder.EclipseLogger - Using platform encoding (Cp1252 actually) to copy filtered resources, i.e. build is platform dependent!
2023-10-24 16:22:21,330 [Worker-55] INFO  o.e.m.c.i.embedder.EclipseLogger - Copying 1 resource
2023-10-24 16:22:21,338 [Worker-55] WARN  o.e.m.c.i.embedder.EclipseLogger - Using platform encoding (Cp1252 actually) to copy filtered resources, i.e. build is platform dependent!
2023-10-24 16:22:21,339 [Worker-55] INFO  o.e.m.c.i.embedder.EclipseLogger - skip non existing resourceDirectory C:\Users\DAVID\Desktop\CL2_maven-Anastacio Huertas\examen_CL2\src\test\resources
2023-10-24 16:22:21,340 [Worker-55] INFO  o.e.m.w.i.f.ResourceFilteringBuildParticipant - Changed resources require a complete clean of filtered resources of examen_CL2
2023-10-24 16:22:21,340 [Worker-55] INFO  o.e.m.w.i.f.ResourceFilteringBuildParticipant - Executing resource filtering for examen_CL2
2023-10-24 16:22:21,343 [Worker-55] WARN  o.e.m.c.i.embedder.EclipseLogger - Using platform encoding (Cp1252 actually) to copy filtered resources, i.e. build is platform dependent!
2023-10-24 16:22:44,141 [Worker-49] WARN  o.e.m.c.i.embedder.EclipseLogger - Using platform encoding (Cp1252 actually) to copy filtered resources, i.e. build is platform dependent!
2023-10-24 16:22:44,146 [Worker-49] INFO  o.e.m.c.i.embedder.EclipseLogger - Copying 1 resource
2023-10-24 16:22:44,149 [Worker-49] WARN  o.e.m.c.i.embedder.EclipseLogger - Using platform encoding (Cp1252 actually) to copy filtered resources, i.e. build is platform dependent!
2023-10-24 16:22:44,149 [Worker-49] INFO  o.e.m.c.i.embedder.EclipseLogger - skip non existing resourceDirectory C:\Users\DAVID\Desktop\CL2_maven-Anastacio Huertas\examen_CL2\src\test\resources
2023-10-24 16:34:28,208 [Worker-51] WARN  o.e.m.c.i.embedder.EclipseLogger - Using platform encoding (Cp1252 actually) to copy filtered resources, i.e. build is platform dependent!
2023-10-24 16:34:28,210 [Worker-51] INFO  o.e.m.c.i.embedder.EclipseLogger - Copying 1 resource
2023-10-24 16:34:28,212 [Worker-51] WARN  o.e.m.c.i.embedder.EclipseLogger - Using platform encoding (Cp1252 actually) to copy filtered resources, i.e. build is platform dependent!
2023-10-24 16:34:28,213 [Worker-51] INFO  o.e.m.c.i.embedder.EclipseLogger - skip non existing resourceDirectory C:\Users\DAVID\Desktop\CL2_maven-Anastacio Huertas\examen_CL2\src\test\resources
2023-10-24 16:34:44,317 [Worker-59] WARN  o.e.m.c.i.embedder.EclipseLogger - Using platform encoding (Cp1252 actually) to copy filtered resources, i.e. build is platform dependent!
2023-10-24 16:34:44,318 [Worker-59] INFO  o.e.m.c.i.embedder.EclipseLogger - Copying 1 resource
2023-10-24 16:34:44,318 [Worker-59] WARN  o.e.m.c.i.embedder.EclipseLogger - Using platform encoding (Cp1252 actually) to copy filtered resources, i.e. build is platform dependent!
2023-10-24 16:34:44,319 [Worker-59] INFO  o.e.m.c.i.embedder.EclipseLogger - skip non existing resourceDirectory C:\Users\DAVID\Desktop\CL2_maven-Anastacio Huertas\examen_CL2\src\test\resources
2023-10-24 16:34:45,339 [Worker-60] WARN  o.e.m.c.i.embedder.EclipseLogger - Using platform encoding (Cp1252 actually) to copy filtered resources, i.e. build is platform dependent!
2023-10-24 16:34:45,340 [Worker-60] INFO  o.e.m.c.i.embedder.EclipseLogger - Copying 0 resource
2023-10-24 16:34:45,341 [Worker-60] WARN  o.e.m.c.i.embedder.EclipseLogger - Using platform encoding (Cp1252 actually) to copy filtered resources, i.e. build is platform dependent!
2023-10-24 16:34:45,341 [Worker-60] INFO  o.e.m.c.i.embedder.EclipseLogger - skip non existing resourceDirectory C:\Users\DAVID\Desktop\CL2_maven-Anastacio Huertas\examen_CL2\src\test\resources
2023-10-24 16:34:59,497 [Worker-59] WARN  o.e.m.c.i.embedder.EclipseLogger - Using platform encoding (Cp1252 actually) to copy filtered resources, i.e. build is platform dependent!
2023-10-24 16:34:59,498 [Worker-59] INFO  o.e.m.c.i.embedder.EclipseLogger - Copying 1 resource
2023-10-24 16:34:59,499 [Worker-59] WARN  o.e.m.c.i.embedder.EclipseLogger - Using platform encoding (Cp1252 actually) to copy filtered resources, i.e. build is platform dependent!
2023-10-24 16:34:59,500 [Worker-59] INFO  o.e.m.c.i.embedder.EclipseLogger - skip non existing resourceDirectory C:\Users\DAVID\Desktop\CL2_maven-Anastacio Huertas\examen_CL2\src\test\resources
2023-10-24 16:37:32,361 [Worker-47] WARN  o.e.r.models.ModelRepository - Failed to download org.eclipse.recommenders:index::zip:0.0.0
org.eclipse.aether.resolution.ArtifactResolutionException: Could not find artifact org.eclipse.recommenders:index:zip:0.0.0-SNAPSHOT in models (http://download.eclipse.org/recommenders/models/mars/)
	at org.eclipse.aether.internal.impl.DefaultArtifactResolver.resolve(DefaultArtifactResolver.java:444) ~[na:na]
	at org.eclipse.aether.internal.impl.DefaultArtifactResolver.resolveArtifacts(DefaultArtifactResolver.java:246) ~[na:na]
	at org.eclipse.aether.internal.impl.DefaultArtifactResolver.resolveArtifact(DefaultArtifactResolver.java:223) ~[na:na]
	at org.eclipse.aether.internal.impl.DefaultRepositorySystem.resolveArtifact(DefaultRepositorySystem.java:294) ~[na:na]
	at org.eclipse.recommenders.models.ModelRepository.resolveInternal(ModelRepository.java:190) [org.eclipse.recommenders.models_2.2.0.v20150609-1848.jar:na]
	at org.eclipse.recommenders.models.ModelRepository.resolve(ModelRepository.java:172) [org.eclipse.recommenders.models_2.2.0.v20150609-1848.jar:na]
	at org.eclipse.recommenders.internal.models.rcp.EclipseModelRepository.resolve(EclipseModelRepository.java:167) [org.eclipse.recommenders.models.rcp_2.2.0.v20150609-1848.jar:na]
	at org.eclipse.recommenders.internal.models.rcp.DownloadModelArchiveJob.run(DownloadModelArchiveJob.java:76) [org.eclipse.recommenders.models.rcp_2.2.0.v20150609-1848.jar:na]
	at org.eclipse.core.internal.jobs.Worker.run(Worker.java:55) [org.eclipse.core.jobs_3.7.0.v20150330-2103.jar:na]
Caused by: org.eclipse.aether.transfer.ArtifactNotFoundException: Could not find artifact org.eclipse.recommenders:index:zip:0.0.0-SNAPSHOT in models (http://download.eclipse.org/recommenders/models/mars/)
	at org.eclipse.aether.connector.basic.ArtifactTransportListener.transferFailed(ArtifactTransportListener.java:39) ~[org.eclipse.aether.connector.basic_1.0.1.v20141111.jar:na]
	at org.eclipse.aether.connector.basic.BasicRepositoryConnector$TaskRunner.run(BasicRepositoryConnector.java:355) ~[org.eclipse.aether.connector.basic_1.0.1.v20141111.jar:na]
	at org.eclipse.aether.util.concurrency.RunnableErrorForwarder$1.run(RunnableErrorForwarder.java:67) ~[na:na]
	at org.eclipse.aether.connector.basic.BasicRepositoryConnector$DirectExecutor.execute(BasicRepositoryConnector.java:581) ~[org.eclipse.aether.connector.basic_1.0.1.v20141111.jar:na]
	at org.eclipse.aether.connector.basic.BasicRepositoryConnector.get(BasicRepositoryConnector.java:249) ~[org.eclipse.aether.connector.basic_1.0.1.v20141111.jar:na]
	at org.eclipse.aether.internal.impl.DefaultArtifactResolver.performDownloads(DefaultArtifactResolver.java:520) ~[na:na]
	at org.eclipse.aether.internal.impl.DefaultArtifactResolver.resolve(DefaultArtifactResolver.java:421) ~[na:na]
	... 8 common frames omitted
2023-10-24 16:42:38,078 [Worker-60] WARN  o.e.m.c.i.embedder.EclipseLogger - Using platform encoding (Cp1252 actually) to copy filtered resources, i.e. build is platform dependent!
2023-10-24 16:42:38,078 [Worker-60] INFO  o.e.m.c.i.embedder.EclipseLogger - Copying 1 resource
2023-10-24 16:42:38,079 [Worker-60] WARN  o.e.m.c.i.embedder.EclipseLogger - Using platform encoding (Cp1252 actually) to copy filtered resources, i.e. build is platform dependent!
2023-10-24 16:42:38,080 [Worker-60] INFO  o.e.m.c.i.embedder.EclipseLogger - skip non existing resourceDirectory C:\Users\DAVID\Desktop\CL2_maven-Anastacio Huertas\examen_CL2\src\test\resources
2023-10-24 16:42:47,689 [Worker-63] WARN  o.e.m.c.i.embedder.EclipseLogger - Using platform encoding (Cp1252 actually) to copy filtered resources, i.e. build is platform dependent!
2023-10-24 16:42:47,690 [Worker-63] INFO  o.e.m.c.i.embedder.EclipseLogger - Copying 1 resource
2023-10-24 16:42:47,691 [Worker-63] WARN  o.e.m.c.i.embedder.EclipseLogger - Using platform encoding (Cp1252 actually) to copy filtered resources, i.e. build is platform dependent!
2023-10-24 16:42:47,692 [Worker-63] INFO  o.e.m.c.i.embedder.EclipseLogger - skip non existing resourceDirectory C:\Users\DAVID\Desktop\CL2_maven-Anastacio Huertas\examen_CL2\src\test\resources
2023-10-24 16:44:21,889 [Start Help Server] INFO  org.eclipse.jetty.util.log - Logging initialized @6532285ms
2023-10-24 16:44:22,057 [Start Help Server] INFO  org.eclipse.jetty.server.Server - jetty-9.2.9.v20150224
2023-10-24 16:44:22,099 [Start Help Server] INFO  o.e.j.server.handler.ContextHandler - Started o.e.j.s.ServletContextHandler@4a0e6e8a{/help,null,AVAILABLE}
2023-10-24 16:44:22,121 [Start Help Server] INFO  o.e.jetty.server.ServerConnector - Started ServerConnector@3c1e5dec{HTTP/1.1}{127.0.0.1:50908}
2023-10-24 16:44:22,121 [Start Help Server] INFO  org.eclipse.jetty.server.Server - Started @6532517ms
2023-10-24 16:45:52,116 [Worker-64] WARN  o.e.m.c.i.embedder.EclipseLogger - Using platform encoding (Cp1252 actually) to copy filtered resources, i.e. build is platform dependent!
2023-10-24 16:45:52,117 [Worker-64] INFO  o.e.m.c.i.embedder.EclipseLogger - Copying 1 resource
2023-10-24 16:45:52,119 [Worker-64] WARN  o.e.m.c.i.embedder.EclipseLogger - Using platform encoding (Cp1252 actually) to copy filtered resources, i.e. build is platform dependent!
2023-10-24 16:45:52,120 [Worker-64] INFO  o.e.m.c.i.embedder.EclipseLogger - skip non existing resourceDirectory C:\Users\DAVID\Desktop\CL2_maven-Anastacio Huertas\examen_CL2\src\test\resources
2023-10-24 16:50:44,430 [Worker-62] WARN  o.e.m.c.i.embedder.EclipseLogger - Using platform encoding (Cp1252 actually) to copy filtered resources, i.e. build is platform dependent!
2023-10-24 16:50:44,431 [Worker-62] INFO  o.e.m.c.i.embedder.EclipseLogger - Copying 1 resource
2023-10-24 16:50:44,432 [Worker-62] WARN  o.e.m.c.i.embedder.EclipseLogger - Using platform encoding (Cp1252 actually) to copy filtered resources, i.e. build is platform dependent!
2023-10-24 16:50:44,433 [Worker-62] INFO  o.e.m.c.i.embedder.EclipseLogger - skip non existing resourceDirectory C:\Users\DAVID\Desktop\CL2_maven-Anastacio Huertas\examen_CL2\src\test\resources
2023-10-24 16:50:59,593 [Worker-65] WARN  o.e.m.c.i.embedder.EclipseLogger - Using platform encoding (Cp1252 actually) to copy filtered resources, i.e. build is platform dependent!
2023-10-24 16:50:59,595 [Worker-65] INFO  o.e.m.c.i.embedder.EclipseLogger - Copying 1 resource
2023-10-24 16:50:59,596 [Worker-65] WARN  o.e.m.c.i.embedder.EclipseLogger - Using platform encoding (Cp1252 actually) to copy filtered resources, i.e. build is platform dependent!
2023-10-24 16:50:59,597 [Worker-65] INFO  o.e.m.c.i.embedder.EclipseLogger - skip non existing resourceDirectory C:\Users\DAVID\Desktop\CL2_maven-Anastacio Huertas\examen_CL2\src\test\resources
2023-10-24 16:51:06,560 [Worker-64] WARN  o.e.m.c.i.embedder.EclipseLogger - Using platform encoding (Cp1252 actually) to copy filtered resources, i.e. build is platform dependent!
2023-10-24 16:51:06,561 [Worker-64] INFO  o.e.m.c.i.embedder.EclipseLogger - Copying 1 resource
2023-10-24 16:51:06,563 [Worker-64] WARN  o.e.m.c.i.embedder.EclipseLogger - Using platform encoding (Cp1252 actually) to copy filtered resources, i.e. build is platform dependent!
2023-10-24 16:51:06,564 [Worker-64] INFO  o.e.m.c.i.embedder.EclipseLogger - skip non existing resourceDirectory C:\Users\DAVID\Desktop\CL2_maven-Anastacio Huertas\examen_CL2\src\test\resources
2023-10-24 16:53:08,750 [Worker-68] WARN  o.e.m.c.i.embedder.EclipseLogger - Using platform encoding (Cp1252 actually) to copy filtered resources, i.e. build is platform dependent!
2023-10-24 16:53:08,751 [Worker-68] INFO  o.e.m.c.i.embedder.EclipseLogger - Copying 1 resource
2023-10-24 16:53:08,753 [Worker-68] WARN  o.e.m.c.i.embedder.EclipseLogger - Using platform encoding (Cp1252 actually) to copy filtered resources, i.e. build is platform dependent!
2023-10-24 16:53:08,753 [Worker-68] INFO  o.e.m.c.i.embedder.EclipseLogger - skip non existing resourceDirectory C:\Users\DAVID\Desktop\CL2_maven-Anastacio Huertas\examen_CL2\src\test\resources
2023-10-24 16:53:21,191 [Worker-68] WARN  o.e.m.c.i.embedder.EclipseLogger - Using platform encoding (Cp1252 actually) to copy filtered resources, i.e. build is platform dependent!
2023-10-24 16:53:21,193 [Worker-68] INFO  o.e.m.c.i.embedder.EclipseLogger - Copying 1 resource
2023-10-24 16:53:21,194 [Worker-68] WARN  o.e.m.c.i.embedder.EclipseLogger - Using platform encoding (Cp1252 actually) to copy filtered resources, i.e. build is platform dependent!
2023-10-24 16:53:21,194 [Worker-68] INFO  o.e.m.c.i.embedder.EclipseLogger - skip non existing resourceDirectory C:\Users\DAVID\Desktop\CL2_maven-Anastacio Huertas\examen_CL2\src\test\resources
2023-10-24 16:53:43,839 [Worker-71] WARN  o.e.m.c.i.embedder.EclipseLogger - Using platform encoding (Cp1252 actually) to copy filtered resources, i.e. build is platform dependent!
2023-10-24 16:53:43,840 [Worker-71] INFO  o.e.m.c.i.embedder.EclipseLogger - Copying 1 resource
2023-10-24 16:53:43,841 [Worker-71] WARN  o.e.m.c.i.embedder.EclipseLogger - Using platform encoding (Cp1252 actually) to copy filtered resources, i.e. build is platform dependent!
2023-10-24 16:53:43,841 [Worker-71] INFO  o.e.m.c.i.embedder.EclipseLogger - skip non existing resourceDirectory C:\Users\DAVID\Desktop\CL2_maven-Anastacio Huertas\examen_CL2\src\test\resources
2023-10-24 16:53:59,954 [Worker-72] WARN  o.e.m.c.i.embedder.EclipseLogger - Using platform encoding (Cp1252 actually) to copy filtered resources, i.e. build is platform dependent!
2023-10-24 16:53:59,955 [Worker-72] INFO  o.e.m.c.i.embedder.EclipseLogger - Copying 1 resource
2023-10-24 16:53:59,959 [Worker-72] WARN  o.e.m.c.i.embedder.EclipseLogger - Using platform encoding (Cp1252 actually) to copy filtered resources, i.e. build is platform dependent!
2023-10-24 16:53:59,959 [Worker-72] INFO  o.e.m.c.i.embedder.EclipseLogger - skip non existing resourceDirectory C:\Users\DAVID\Desktop\CL2_maven-Anastacio Huertas\examen_CL2\src\test\resources
2023-10-24 16:54:02,170 [Worker-70] WARN  o.e.m.c.i.embedder.EclipseLogger - Using platform encoding (Cp1252 actually) to copy filtered resources, i.e. build is platform dependent!
2023-10-24 16:54:02,170 [Worker-70] INFO  o.e.m.c.i.embedder.EclipseLogger - Copying 1 resource
2023-10-24 16:54:02,171 [Worker-70] WARN  o.e.m.c.i.embedder.EclipseLogger - Using platform encoding (Cp1252 actually) to copy filtered resources, i.e. build is platform dependent!
2023-10-24 16:54:02,172 [Worker-70] INFO  o.e.m.c.i.embedder.EclipseLogger - skip non existing resourceDirectory C:\Users\DAVID\Desktop\CL2_maven-Anastacio Huertas\examen_CL2\src\test\resources
2023-10-24 18:12:28,194 [Worker-94] WARN  o.e.m.c.i.embedder.EclipseLogger - Using platform encoding (Cp1252 actually) to copy filtered resources, i.e. build is platform dependent!
2023-10-24 18:12:28,198 [Worker-94] INFO  o.e.m.c.i.embedder.EclipseLogger - Copying 1 resource
2023-10-24 18:12:28,200 [Worker-94] WARN  o.e.m.c.i.embedder.EclipseLogger - Using platform encoding (Cp1252 actually) to copy filtered resources, i.e. build is platform dependent!
2023-10-24 18:12:28,201 [Worker-94] INFO  o.e.m.c.i.embedder.EclipseLogger - skip non existing resourceDirectory C:\Users\DAVID\Desktop\CL2_maven-Anastacio Huertas\examen_CL2\src\test\resources
2023-10-24 18:12:35,491 [Worker-92] WARN  o.e.m.c.i.embedder.EclipseLogger - Using platform encoding (Cp1252 actually) to copy filtered resources, i.e. build is platform dependent!
2023-10-24 18:12:35,492 [Worker-92] INFO  o.e.m.c.i.embedder.EclipseLogger - Copying 1 resource
2023-10-24 18:12:35,494 [Worker-92] WARN  o.e.m.c.i.embedder.EclipseLogger - Using platform encoding (Cp1252 actually) to copy filtered resources, i.e. build is platform dependent!
2023-10-24 18:12:35,494 [Worker-92] INFO  o.e.m.c.i.embedder.EclipseLogger - skip non existing resourceDirectory C:\Users\DAVID\Desktop\CL2_maven-Anastacio Huertas\examen_CL2\src\test\resources
2023-10-24 18:14:09,028 [Worker-89] WARN  o.e.m.c.i.embedder.EclipseLogger - Using platform encoding (Cp1252 actually) to copy filtered resources, i.e. build is platform dependent!
2023-10-24 18:14:09,029 [Worker-89] INFO  o.e.m.c.i.embedder.EclipseLogger - Copying 1 resource
2023-10-24 18:14:09,031 [Worker-89] WARN  o.e.m.c.i.embedder.EclipseLogger - Using platform encoding (Cp1252 actually) to copy filtered resources, i.e. build is platform dependent!
2023-10-24 18:14:09,031 [Worker-89] INFO  o.e.m.c.i.embedder.EclipseLogger - skip non existing resourceDirectory C:\Users\DAVID\Desktop\CL2_maven-Anastacio Huertas\examen_CL2\src\test\resources
2023-10-24 18:14:28,689 [Worker-89] WARN  o.e.m.c.i.embedder.EclipseLogger - Using platform encoding (Cp1252 actually) to copy filtered resources, i.e. build is platform dependent!
2023-10-24 18:14:28,691 [Worker-89] INFO  o.e.m.c.i.embedder.EclipseLogger - Copying 1 resource
2023-10-24 18:14:28,691 [Worker-89] WARN  o.e.m.c.i.embedder.EclipseLogger - Using platform encoding (Cp1252 actually) to copy filtered resources, i.e. build is platform dependent!
2023-10-24 18:14:28,692 [Worker-89] INFO  o.e.m.c.i.embedder.EclipseLogger - skip non existing resourceDirectory C:\Users\DAVID\Desktop\CL2_maven-Anastacio Huertas\examen_CL2\src\test\resources
2023-10-24 18:15:47,860 [Worker-91] WARN  o.e.m.c.i.embedder.EclipseLogger - Using platform encoding (Cp1252 actually) to copy filtered resources, i.e. build is platform dependent!
2023-10-24 18:15:47,860 [Worker-91] INFO  o.e.m.c.i.embedder.EclipseLogger - Copying 1 resource
2023-10-24 18:15:47,862 [Worker-91] WARN  o.e.m.c.i.embedder.EclipseLogger - Using platform encoding (Cp1252 actually) to copy filtered resources, i.e. build is platform dependent!
2023-10-24 18:15:47,862 [Worker-91] INFO  o.e.m.c.i.embedder.EclipseLogger - skip non existing resourceDirectory C:\Users\DAVID\Desktop\CL2_maven-Anastacio Huertas\examen_CL2\src\test\resources
2023-10-24 18:17:11,273 [Worker-91] WARN  o.e.m.c.i.embedder.EclipseLogger - Using platform encoding (Cp1252 actually) to copy filtered resources, i.e. build is platform dependent!
2023-10-24 18:17:11,273 [Worker-91] INFO  o.e.m.c.i.embedder.EclipseLogger - Copying 1 resource
2023-10-24 18:17:11,274 [Worker-91] WARN  o.e.m.c.i.embedder.EclipseLogger - Using platform encoding (Cp1252 actually) to copy filtered resources, i.e. build is platform dependent!
2023-10-24 18:17:11,274 [Worker-91] INFO  o.e.m.c.i.embedder.EclipseLogger - skip non existing resourceDirectory C:\Users\DAVID\Desktop\CL2_maven-Anastacio Huertas\examen_CL2\src\test\resources
2023-10-24 18:17:14,694 [Worker-92] WARN  o.e.m.c.i.embedder.EclipseLogger - Using platform encoding (Cp1252 actually) to copy filtered resources, i.e. build is platform dependent!
2023-10-24 18:17:14,694 [Worker-92] INFO  o.e.m.c.i.embedder.EclipseLogger - Copying 1 resource
2023-10-24 18:17:14,696 [Worker-92] WARN  o.e.m.c.i.embedder.EclipseLogger - Using platform encoding (Cp1252 actually) to copy filtered resources, i.e. build is platform dependent!
2023-10-24 18:17:14,697 [Worker-92] INFO  o.e.m.c.i.embedder.EclipseLogger - skip non existing resourceDirectory C:\Users\DAVID\Desktop\CL2_maven-Anastacio Huertas\examen_CL2\src\test\resources
2023-10-24 18:17:36,863 [Worker-96] WARN  o.e.m.c.i.embedder.EclipseLogger - Using platform encoding (Cp1252 actually) to copy filtered resources, i.e. build is platform dependent!
2023-10-24 18:17:36,864 [Worker-96] INFO  o.e.m.c.i.embedder.EclipseLogger - Copying 1 resource
2023-10-24 18:17:36,867 [Worker-96] WARN  o.e.m.c.i.embedder.EclipseLogger - Using platform encoding (Cp1252 actually) to copy filtered resources, i.e. build is platform dependent!
2023-10-24 18:17:36,869 [Worker-96] INFO  o.e.m.c.i.embedder.EclipseLogger - skip non existing resourceDirectory C:\Users\DAVID\Desktop\CL2_maven-Anastacio Huertas\examen_CL2\src\test\resources
2023-10-24 18:17:54,214 [Worker-95] WARN  o.e.m.c.i.embedder.EclipseLogger - Using platform encoding (Cp1252 actually) to copy filtered resources, i.e. build is platform dependent!
2023-10-24 18:17:54,217 [Worker-95] INFO  o.e.m.c.i.embedder.EclipseLogger - Copying 1 resource
2023-10-24 18:17:54,219 [Worker-95] WARN  o.e.m.c.i.embedder.EclipseLogger - Using platform encoding (Cp1252 actually) to copy filtered resources, i.e. build is platform dependent!
2023-10-24 18:17:54,219 [Worker-95] INFO  o.e.m.c.i.embedder.EclipseLogger - skip non existing resourceDirectory C:\Users\DAVID\Desktop\CL2_maven-Anastacio Huertas\examen_CL2\src\test\resources
2023-10-24 18:18:05,993 [Worker-89] WARN  o.e.m.c.i.embedder.EclipseLogger - Using platform encoding (Cp1252 actually) to copy filtered resources, i.e. build is platform dependent!
2023-10-24 18:18:05,994 [Worker-89] INFO  o.e.m.c.i.embedder.EclipseLogger - Copying 1 resource
2023-10-24 18:18:05,995 [Worker-89] WARN  o.e.m.c.i.embedder.EclipseLogger - Using platform encoding (Cp1252 actually) to copy filtered resources, i.e. build is platform dependent!
2023-10-24 18:18:05,996 [Worker-89] INFO  o.e.m.c.i.embedder.EclipseLogger - skip non existing resourceDirectory C:\Users\DAVID\Desktop\CL2_maven-Anastacio Huertas\examen_CL2\src\test\resources
2023-10-24 18:21:29,436 [Worker-96] WARN  o.e.m.c.i.embedder.EclipseLogger - Using platform encoding (Cp1252 actually) to copy filtered resources, i.e. build is platform dependent!
2023-10-24 18:21:29,437 [Worker-96] INFO  o.e.m.c.i.embedder.EclipseLogger - Copying 0 resource
2023-10-24 18:21:29,438 [Worker-96] WARN  o.e.m.c.i.embedder.EclipseLogger - Using platform encoding (Cp1252 actually) to copy filtered resources, i.e. build is platform dependent!
2023-10-24 18:21:29,438 [Worker-96] INFO  o.e.m.c.i.embedder.EclipseLogger - skip non existing resourceDirectory C:\Users\DAVID\Desktop\CL2_maven-Anastacio Huertas\examen_CL2\src\test\resources
2023-10-24 18:21:41,674 [Worker-98] WARN  o.e.m.c.i.embedder.EclipseLogger - Using platform encoding (Cp1252 actually) to copy filtered resources, i.e. build is platform dependent!
2023-10-24 18:21:41,675 [Worker-98] INFO  o.e.m.c.i.embedder.EclipseLogger - Copying 0 resource
2023-10-24 18:21:41,676 [Worker-98] WARN  o.e.m.c.i.embedder.EclipseLogger - Using platform encoding (Cp1252 actually) to copy filtered resources, i.e. build is platform dependent!
2023-10-24 18:21:41,677 [Worker-98] INFO  o.e.m.c.i.embedder.EclipseLogger - skip non existing resourceDirectory C:\Users\DAVID\Desktop\CL2_maven-Anastacio Huertas\examen_CL2\src\test\resources
2023-10-24 18:21:54,511 [Worker-100] WARN  o.e.m.c.i.embedder.EclipseLogger - Using platform encoding (Cp1252 actually) to copy filtered resources, i.e. build is platform dependent!
2023-10-24 18:21:54,512 [Worker-100] INFO  o.e.m.c.i.embedder.EclipseLogger - Copying 0 resource
2023-10-24 18:21:54,513 [Worker-100] WARN  o.e.m.c.i.embedder.EclipseLogger - Using platform encoding (Cp1252 actually) to copy filtered resources, i.e. build is platform dependent!
2023-10-24 18:21:54,514 [Worker-100] INFO  o.e.m.c.i.embedder.EclipseLogger - skip non existing resourceDirectory C:\Users\DAVID\Desktop\CL2_maven-Anastacio Huertas\examen_CL2\src\test\resources
2023-10-24 18:22:02,182 [Worker-101] WARN  o.e.m.c.i.embedder.EclipseLogger - Using platform encoding (Cp1252 actually) to copy filtered resources, i.e. build is platform dependent!
2023-10-24 18:22:02,182 [Worker-101] INFO  o.e.m.c.i.embedder.EclipseLogger - Copying 0 resource
2023-10-24 18:22:02,183 [Worker-101] WARN  o.e.m.c.i.embedder.EclipseLogger - Using platform encoding (Cp1252 actually) to copy filtered resources, i.e. build is platform dependent!
2023-10-24 18:22:02,185 [Worker-101] INFO  o.e.m.c.i.embedder.EclipseLogger - skip non existing resourceDirectory C:\Users\DAVID\Desktop\CL2_maven-Anastacio Huertas\examen_CL2\src\test\resources
2023-10-24 18:23:08,761 [Worker-96] WARN  o.e.m.c.i.embedder.EclipseLogger - Using platform encoding (Cp1252 actually) to copy filtered resources, i.e. build is platform dependent!
2023-10-24 18:23:08,762 [Worker-96] INFO  o.e.m.c.i.embedder.EclipseLogger - Copying 0 resource
2023-10-24 18:23:08,763 [Worker-96] WARN  o.e.m.c.i.embedder.EclipseLogger - Using platform encoding (Cp1252 actually) to copy filtered resources, i.e. build is platform dependent!
2023-10-24 18:23:08,764 [Worker-96] INFO  o.e.m.c.i.embedder.EclipseLogger - skip non existing resourceDirectory C:\Users\DAVID\Desktop\CL2_maven-Anastacio Huertas\examen_CL2\src\test\resources
2023-10-24 18:23:36,165 [Worker-99] WARN  o.e.m.c.i.embedder.EclipseLogger - Using platform encoding (Cp1252 actually) to copy filtered resources, i.e. build is platform dependent!
2023-10-24 18:23:36,166 [Worker-99] INFO  o.e.m.c.i.embedder.EclipseLogger - Copying 0 resource
2023-10-24 18:23:36,168 [Worker-99] WARN  o.e.m.c.i.embedder.EclipseLogger - Using platform encoding (Cp1252 actually) to copy filtered resources, i.e. build is platform dependent!
2023-10-24 18:23:36,169 [Worker-99] INFO  o.e.m.c.i.embedder.EclipseLogger - skip non existing resourceDirectory C:\Users\DAVID\Desktop\CL2_maven-Anastacio Huertas\examen_CL2\src\test\resources
2023-10-24 18:23:45,289 [Worker-98] WARN  o.e.m.c.i.embedder.EclipseLogger - Using platform encoding (Cp1252 actually) to copy filtered resources, i.e. build is platform dependent!
2023-10-24 18:23:45,290 [Worker-98] INFO  o.e.m.c.i.embedder.EclipseLogger - Copying 0 resource
2023-10-24 18:23:45,291 [Worker-98] WARN  o.e.m.c.i.embedder.EclipseLogger - Using platform encoding (Cp1252 actually) to copy filtered resources, i.e. build is platform dependent!
2023-10-24 18:23:45,292 [Worker-98] INFO  o.e.m.c.i.embedder.EclipseLogger - skip non existing resourceDirectory C:\Users\DAVID\Desktop\CL2_maven-Anastacio Huertas\examen_CL2\src\test\resources
2023-10-24 18:23:48,687 [Worker-93] WARN  o.e.m.c.i.embedder.EclipseLogger - Using platform encoding (Cp1252 actually) to copy filtered resources, i.e. build is platform dependent!
2023-10-24 18:23:48,687 [Worker-93] INFO  o.e.m.c.i.embedder.EclipseLogger - Copying 0 resource
2023-10-24 18:23:48,689 [Worker-93] WARN  o.e.m.c.i.embedder.EclipseLogger - Using platform encoding (Cp1252 actually) to copy filtered resources, i.e. build is platform dependent!
2023-10-24 18:23:48,690 [Worker-93] INFO  o.e.m.c.i.embedder.EclipseLogger - skip non existing resourceDirectory C:\Users\DAVID\Desktop\CL2_maven-Anastacio Huertas\examen_CL2\src\test\resources
2023-10-24 18:23:51,623 [Worker-100] WARN  o.e.m.c.i.embedder.EclipseLogger - Using platform encoding (Cp1252 actually) to copy filtered resources, i.e. build is platform dependent!
2023-10-24 18:23:51,624 [Worker-100] INFO  o.e.m.c.i.embedder.EclipseLogger - Copying 0 resource
2023-10-24 18:23:51,625 [Worker-100] WARN  o.e.m.c.i.embedder.EclipseLogger - Using platform encoding (Cp1252 actually) to copy filtered resources, i.e. build is platform dependent!
2023-10-24 18:23:51,625 [Worker-100] INFO  o.e.m.c.i.embedder.EclipseLogger - skip non existing resourceDirectory C:\Users\DAVID\Desktop\CL2_maven-Anastacio Huertas\examen_CL2\src\test\resources
2023-10-24 18:24:01,693 [Worker-101] WARN  o.e.m.c.i.embedder.EclipseLogger - Using platform encoding (Cp1252 actually) to copy filtered resources, i.e. build is platform dependent!
2023-10-24 18:24:01,693 [Worker-101] INFO  o.e.m.c.i.embedder.EclipseLogger - Copying 0 resource
2023-10-24 18:24:01,695 [Worker-101] WARN  o.e.m.c.i.embedder.EclipseLogger - Using platform encoding (Cp1252 actually) to copy filtered resources, i.e. build is platform dependent!
2023-10-24 18:24:01,695 [Worker-101] INFO  o.e.m.c.i.embedder.EclipseLogger - skip non existing resourceDirectory C:\Users\DAVID\Desktop\CL2_maven-Anastacio Huertas\examen_CL2\src\test\resources
2023-10-24 18:27:19,432 [Worker-103] WARN  o.e.m.c.i.embedder.EclipseLogger - Using platform encoding (Cp1252 actually) to copy filtered resources, i.e. build is platform dependent!
2023-10-24 18:27:19,435 [Worker-103] INFO  o.e.m.c.i.embedder.EclipseLogger - Copying 1 resource
2023-10-24 18:27:19,436 [Worker-103] WARN  o.e.m.c.i.embedder.EclipseLogger - Using platform encoding (Cp1252 actually) to copy filtered resources, i.e. build is platform dependent!
2023-10-24 18:27:19,437 [Worker-103] INFO  o.e.m.c.i.embedder.EclipseLogger - skip non existing resourceDirectory C:\Users\DAVID\Desktop\CL2_maven-Anastacio Huertas\examen_CL2\src\test\resources
2023-10-24 18:28:25,009 [Worker-93] WARN  o.e.m.c.i.embedder.EclipseLogger - Using platform encoding (Cp1252 actually) to copy filtered resources, i.e. build is platform dependent!
2023-10-24 18:28:25,010 [Worker-93] INFO  o.e.m.c.i.embedder.EclipseLogger - Copying 1 resource
2023-10-24 18:28:25,011 [Worker-93] WARN  o.e.m.c.i.embedder.EclipseLogger - Using platform encoding (Cp1252 actually) to copy filtered resources, i.e. build is platform dependent!
2023-10-24 18:28:25,012 [Worker-93] INFO  o.e.m.c.i.embedder.EclipseLogger - skip non existing resourceDirectory C:\Users\DAVID\Desktop\CL2_maven-Anastacio Huertas\examen_CL2\src\test\resources
2023-10-24 18:32:15,723 [Worker-109] WARN  o.e.m.c.i.embedder.EclipseLogger - Using platform encoding (Cp1252 actually) to copy filtered resources, i.e. build is platform dependent!
2023-10-24 18:32:15,724 [Worker-109] INFO  o.e.m.c.i.embedder.EclipseLogger - Copying 1 resource
2023-10-24 18:32:15,725 [Worker-109] WARN  o.e.m.c.i.embedder.EclipseLogger - Using platform encoding (Cp1252 actually) to copy filtered resources, i.e. build is platform dependent!
2023-10-24 18:32:15,726 [Worker-109] INFO  o.e.m.c.i.embedder.EclipseLogger - skip non existing resourceDirectory C:\Users\DAVID\Desktop\CL2_maven-Anastacio Huertas\examen_CL2\src\test\resources
2023-10-24 18:32:36,344 [Worker-105] WARN  o.e.m.c.i.embedder.EclipseLogger - Using platform encoding (Cp1252 actually) to copy filtered resources, i.e. build is platform dependent!
2023-10-24 18:32:36,346 [Worker-105] INFO  o.e.m.c.i.embedder.EclipseLogger - Copying 1 resource
2023-10-24 18:32:36,349 [Worker-105] WARN  o.e.m.c.i.embedder.EclipseLogger - Using platform encoding (Cp1252 actually) to copy filtered resources, i.e. build is platform dependent!
2023-10-24 18:32:36,350 [Worker-105] INFO  o.e.m.c.i.embedder.EclipseLogger - skip non existing resourceDirectory C:\Users\DAVID\Desktop\CL2_maven-Anastacio Huertas\examen_CL2\src\test\resources
2023-10-24 18:33:07,566 [Worker-109] WARN  o.e.m.c.i.embedder.EclipseLogger - Using platform encoding (Cp1252 actually) to copy filtered resources, i.e. build is platform dependent!
2023-10-24 18:33:07,567 [Worker-109] INFO  o.e.m.c.i.embedder.EclipseLogger - Copying 1 resource
2023-10-24 18:33:07,568 [Worker-109] WARN  o.e.m.c.i.embedder.EclipseLogger - Using platform encoding (Cp1252 actually) to copy filtered resources, i.e. build is platform dependent!
2023-10-24 18:33:07,570 [Worker-109] INFO  o.e.m.c.i.embedder.EclipseLogger - skip non existing resourceDirectory C:\Users\DAVID\Desktop\CL2_maven-Anastacio Huertas\examen_CL2\src\test\resources
2023-10-24 18:33:23,748 [Worker-110] WARN  o.e.m.c.i.embedder.EclipseLogger - Using platform encoding (Cp1252 actually) to copy filtered resources, i.e. build is platform dependent!
2023-10-24 18:33:23,750 [Worker-110] INFO  o.e.m.c.i.embedder.EclipseLogger - Copying 1 resource
2023-10-24 18:33:23,751 [Worker-110] WARN  o.e.m.c.i.embedder.EclipseLogger - Using platform encoding (Cp1252 actually) to copy filtered resources, i.e. build is platform dependent!
2023-10-24 18:33:23,751 [Worker-110] INFO  o.e.m.c.i.embedder.EclipseLogger - skip non existing resourceDirectory C:\Users\DAVID\Desktop\CL2_maven-Anastacio Huertas\examen_CL2\src\test\resources
2023-10-24 18:33:32,451 [Worker-109] WARN  o.e.m.c.i.embedder.EclipseLogger - Using platform encoding (Cp1252 actually) to copy filtered resources, i.e. build is platform dependent!
2023-10-24 18:33:32,452 [Worker-109] INFO  o.e.m.c.i.embedder.EclipseLogger - Copying 1 resource
2023-10-24 18:33:32,453 [Worker-109] WARN  o.e.m.c.i.embedder.EclipseLogger - Using platform encoding (Cp1252 actually) to copy filtered resources, i.e. build is platform dependent!
2023-10-24 18:33:32,453 [Worker-109] INFO  o.e.m.c.i.embedder.EclipseLogger - skip non existing resourceDirectory C:\Users\DAVID\Desktop\CL2_maven-Anastacio Huertas\examen_CL2\src\test\resources
2023-10-24 18:35:25,941 [Worker-105] WARN  o.e.m.c.i.embedder.EclipseLogger - Using platform encoding (Cp1252 actually) to copy filtered resources, i.e. build is platform dependent!
2023-10-24 18:35:25,942 [Worker-105] INFO  o.e.m.c.i.embedder.EclipseLogger - Copying 1 resource
2023-10-24 18:35:25,943 [Worker-105] WARN  o.e.m.c.i.embedder.EclipseLogger - Using platform encoding (Cp1252 actually) to copy filtered resources, i.e. build is platform dependent!
2023-10-24 18:35:25,944 [Worker-105] INFO  o.e.m.c.i.embedder.EclipseLogger - skip non existing resourceDirectory C:\Users\DAVID\Desktop\CL2_maven-Anastacio Huertas\examen_CL2\src\test\resources
2023-10-24 18:37:14,447 [Worker-109] WARN  o.e.m.c.i.embedder.EclipseLogger - Using platform encoding (Cp1252 actually) to copy filtered resources, i.e. build is platform dependent!
2023-10-24 18:37:14,448 [Worker-109] INFO  o.e.m.c.i.embedder.EclipseLogger - Copying 0 resource
2023-10-24 18:37:14,449 [Worker-109] WARN  o.e.m.c.i.embedder.EclipseLogger - Using platform encoding (Cp1252 actually) to copy filtered resources, i.e. build is platform dependent!
2023-10-24 18:37:14,450 [Worker-109] INFO  o.e.m.c.i.embedder.EclipseLogger - skip non existing resourceDirectory C:\Users\DAVID\Desktop\CL2_maven-Anastacio Huertas\examen_CL2\src\test\resources
2023-10-24 18:37:30,419 [Worker-110] WARN  o.e.m.c.i.embedder.EclipseLogger - Using platform encoding (Cp1252 actually) to copy filtered resources, i.e. build is platform dependent!
2023-10-24 18:37:30,419 [Worker-110] INFO  o.e.m.c.i.embedder.EclipseLogger - Copying 0 resource
2023-10-24 18:37:30,420 [Worker-110] WARN  o.e.m.c.i.embedder.EclipseLogger - Using platform encoding (Cp1252 actually) to copy filtered resources, i.e. build is platform dependent!
2023-10-24 18:37:30,421 [Worker-110] INFO  o.e.m.c.i.embedder.EclipseLogger - skip non existing resourceDirectory C:\Users\DAVID\Desktop\CL2_maven-Anastacio Huertas\examen_CL2\src\test\resources
2023-10-24 18:37:33,188 [Worker-112] WARN  o.e.m.c.i.embedder.EclipseLogger - Using platform encoding (Cp1252 actually) to copy filtered resources, i.e. build is platform dependent!
2023-10-24 18:37:33,189 [Worker-112] INFO  o.e.m.c.i.embedder.EclipseLogger - Copying 0 resource
2023-10-24 18:37:33,190 [Worker-112] WARN  o.e.m.c.i.embedder.EclipseLogger - Using platform encoding (Cp1252 actually) to copy filtered resources, i.e. build is platform dependent!
2023-10-24 18:37:33,191 [Worker-112] INFO  o.e.m.c.i.embedder.EclipseLogger - skip non existing resourceDirectory C:\Users\DAVID\Desktop\CL2_maven-Anastacio Huertas\examen_CL2\src\test\resources
2023-10-24 18:38:17,483 [Worker-113] WARN  o.e.m.c.i.embedder.EclipseLogger - Using platform encoding (Cp1252 actually) to copy filtered resources, i.e. build is platform dependent!
2023-10-24 18:38:17,485 [Worker-113] INFO  o.e.m.c.i.embedder.EclipseLogger - Copying 0 resource
2023-10-24 18:38:17,485 [Worker-113] WARN  o.e.m.c.i.embedder.EclipseLogger - Using platform encoding (Cp1252 actually) to copy filtered resources, i.e. build is platform dependent!
2023-10-24 18:38:17,485 [Worker-113] INFO  o.e.m.c.i.embedder.EclipseLogger - skip non existing resourceDirectory C:\Users\DAVID\Desktop\CL2_maven-Anastacio Huertas\examen_CL2\src\test\resources
2023-10-24 18:40:22,498 [Worker-109] WARN  o.e.m.c.i.embedder.EclipseLogger - Using platform encoding (Cp1252 actually) to copy filtered resources, i.e. build is platform dependent!
2023-10-24 18:40:22,499 [Worker-109] INFO  o.e.m.c.i.embedder.EclipseLogger - Copying 1 resource
2023-10-24 18:40:22,500 [Worker-109] WARN  o.e.m.c.i.embedder.EclipseLogger - Using platform encoding (Cp1252 actually) to copy filtered resources, i.e. build is platform dependent!
2023-10-24 18:40:22,501 [Worker-109] INFO  o.e.m.c.i.embedder.EclipseLogger - skip non existing resourceDirectory C:\Users\DAVID\Desktop\CL2_maven-Anastacio Huertas\examen_CL2\src\test\resources
2023-10-24 18:40:26,627 [Worker-110] WARN  o.e.m.c.i.embedder.EclipseLogger - Using platform encoding (Cp1252 actually) to copy filtered resources, i.e. build is platform dependent!
2023-10-24 18:40:26,628 [Worker-110] INFO  o.e.m.c.i.embedder.EclipseLogger - Copying 1 resource
2023-10-24 18:40:26,629 [Worker-110] WARN  o.e.m.c.i.embedder.EclipseLogger - Using platform encoding (Cp1252 actually) to copy filtered resources, i.e. build is platform dependent!
2023-10-24 18:40:26,629 [Worker-110] INFO  o.e.m.c.i.embedder.EclipseLogger - skip non existing resourceDirectory C:\Users\DAVID\Desktop\CL2_maven-Anastacio Huertas\examen_CL2\src\test\resources
2023-10-24 18:41:33,263 [Worker-106] WARN  o.e.m.c.i.embedder.EclipseLogger - Using platform encoding (Cp1252 actually) to copy filtered resources, i.e. build is platform dependent!
2023-10-24 18:41:33,263 [Worker-106] INFO  o.e.m.c.i.embedder.EclipseLogger - Copying 1 resource
2023-10-24 18:41:33,265 [Worker-106] WARN  o.e.m.c.i.embedder.EclipseLogger - Using platform encoding (Cp1252 actually) to copy filtered resources, i.e. build is platform dependent!
2023-10-24 18:41:33,265 [Worker-106] INFO  o.e.m.c.i.embedder.EclipseLogger - skip non existing resourceDirectory C:\Users\DAVID\Desktop\CL2_maven-Anastacio Huertas\examen_CL2\src\test\resources
2023-10-24 18:42:01,188 [Worker-106] WARN  o.e.m.c.i.embedder.EclipseLogger - Using platform encoding (Cp1252 actually) to copy filtered resources, i.e. build is platform dependent!
2023-10-24 18:42:01,189 [Worker-106] INFO  o.e.m.c.i.embedder.EclipseLogger - Copying 0 resource
2023-10-24 18:42:01,190 [Worker-106] WARN  o.e.m.c.i.embedder.EclipseLogger - Using platform encoding (Cp1252 actually) to copy filtered resources, i.e. build is platform dependent!
2023-10-24 18:42:01,191 [Worker-106] INFO  o.e.m.c.i.embedder.EclipseLogger - skip non existing resourceDirectory C:\Users\DAVID\Desktop\CL2_maven-Anastacio Huertas\examen_CL2\src\test\resources
2023-10-24 18:42:11,522 [Worker-109] WARN  o.e.m.c.i.embedder.EclipseLogger - Using platform encoding (Cp1252 actually) to copy filtered resources, i.e. build is platform dependent!
2023-10-24 18:42:11,523 [Worker-109] INFO  o.e.m.c.i.embedder.EclipseLogger - Copying 0 resource
2023-10-24 18:42:11,524 [Worker-109] WARN  o.e.m.c.i.embedder.EclipseLogger - Using platform encoding (Cp1252 actually) to copy filtered resources, i.e. build is platform dependent!
2023-10-24 18:42:11,524 [Worker-109] INFO  o.e.m.c.i.embedder.EclipseLogger - skip non existing resourceDirectory C:\Users\DAVID\Desktop\CL2_maven-Anastacio Huertas\examen_CL2\src\test\resources
2023-10-24 18:43:24,074 [Worker-109] WARN  o.e.m.c.i.embedder.EclipseLogger - Using platform encoding (Cp1252 actually) to copy filtered resources, i.e. build is platform dependent!
2023-10-24 18:43:24,075 [Worker-109] INFO  o.e.m.c.i.embedder.EclipseLogger - Copying 0 resource
2023-10-24 18:43:24,075 [Worker-109] WARN  o.e.m.c.i.embedder.EclipseLogger - Using platform encoding (Cp1252 actually) to copy filtered resources, i.e. build is platform dependent!
2023-10-24 18:43:24,075 [Worker-109] INFO  o.e.m.c.i.embedder.EclipseLogger - skip non existing resourceDirectory C:\Users\DAVID\Desktop\CL2_maven-Anastacio Huertas\examen_CL2\src\test\resources
2023-10-24 18:49:37,725 [Worker-115] WARN  o.e.m.c.i.embedder.EclipseLogger - Using platform encoding (Cp1252 actually) to copy filtered resources, i.e. build is platform dependent!
2023-10-24 18:49:37,725 [Worker-115] INFO  o.e.m.c.i.embedder.EclipseLogger - Copying 0 resource
2023-10-24 18:49:37,726 [Worker-115] WARN  o.e.m.c.i.embedder.EclipseLogger - Using platform encoding (Cp1252 actually) to copy filtered resources, i.e. build is platform dependent!
2023-10-24 18:49:37,727 [Worker-115] INFO  o.e.m.c.i.embedder.EclipseLogger - skip non existing resourceDirectory C:\Users\DAVID\Desktop\CL2_maven-Anastacio Huertas\examen_CL2\src\test\resources
2023-10-24 18:53:00,941 [Worker-119] WARN  o.e.m.c.i.embedder.EclipseLogger - Using platform encoding (Cp1252 actually) to copy filtered resources, i.e. build is platform dependent!
2023-10-24 18:53:00,942 [Worker-119] INFO  o.e.m.c.i.embedder.EclipseLogger - Copying 0 resource
2023-10-24 18:53:00,942 [Worker-119] WARN  o.e.m.c.i.embedder.EclipseLogger - Using platform encoding (Cp1252 actually) to copy filtered resources, i.e. build is platform dependent!
2023-10-24 18:53:00,943 [Worker-119] INFO  o.e.m.c.i.embedder.EclipseLogger - skip non existing resourceDirectory C:\Users\DAVID\Desktop\CL2_maven-Anastacio Huertas\examen_CL2\src\test\resources
2023-10-24 19:10:55,793 [Worker-120] WARN  o.e.m.c.i.embedder.EclipseLogger - Using platform encoding (Cp1252 actually) to copy filtered resources, i.e. build is platform dependent!
2023-10-24 19:10:55,795 [Worker-120] INFO  o.e.m.c.i.embedder.EclipseLogger - Copying 0 resource
2023-10-24 19:10:55,795 [Worker-120] WARN  o.e.m.c.i.embedder.EclipseLogger - Using platform encoding (Cp1252 actually) to copy filtered resources, i.e. build is platform dependent!
2023-10-24 19:10:55,797 [Worker-120] INFO  o.e.m.c.i.embedder.EclipseLogger - skip non existing resourceDirectory C:\Users\DAVID\Desktop\CL2_maven-Anastacio Huertas\examen_CL2\src\test\resources
2023-10-24 19:12:27,680 [Worker-137] INFO  o.e.m.c.i.p.ProjectConfigurationManager - Update started
2023-10-24 19:12:32,988 [Worker-137] INFO  o.e.m.c.i.l.LifecycleMappingFactory - Using org.maven.ide.eclipse.wtp.WarLifecycleMapping lifecycle mapping for MavenProject: com.maven.examen:examen_CL2:0.0.1-SNAPSHOT @ C:\Users\DAVID\Desktop\CL2_maven-Anastacio Huertas\examen_CL2\pom.xml.
2023-10-24 19:12:37,425 [Worker-137] INFO  o.e.m.j.i.AbstractJavaProjectConfigurator - Adding source folder /examen_CL2/src/main/java
2023-10-24 19:12:37,425 [Worker-137] INFO  o.e.m.j.i.AbstractJavaProjectConfigurator - Adding resource folder /examen_CL2/src/main/resources
2023-10-24 19:12:37,425 [Worker-137] INFO  o.e.m.j.i.AbstractJavaProjectConfigurator - Adding source folder /examen_CL2/src/test/java
2023-10-24 19:12:38,054 [Worker-137] INFO  o.e.m.w.i.f.ResourceFilteringBuildParticipant - Cleaning filtered folder for examen_CL2
2023-10-24 19:12:38,059 [Worker-137] INFO  o.e.m.c.i.p.ProjectConfigurationManager - Update completed: 10 sec
2023-10-24 19:12:47,475 [Worker-137] WARN  o.e.m.c.i.embedder.EclipseLogger - Using platform encoding (Cp1252 actually) to copy filtered resources, i.e. build is platform dependent!
2023-10-24 19:12:47,476 [Worker-137] INFO  o.e.m.c.i.embedder.EclipseLogger - Copying 1 resource
2023-10-24 19:12:47,485 [Worker-137] WARN  o.e.m.c.i.embedder.EclipseLogger - Using platform encoding (Cp1252 actually) to copy filtered resources, i.e. build is platform dependent!
2023-10-24 19:12:47,487 [Worker-137] INFO  o.e.m.c.i.embedder.EclipseLogger - skip non existing resourceDirectory C:\Users\DAVID\Desktop\CL2_maven-Anastacio Huertas\examen_CL2\src\test\resources
2023-10-24 19:12:47,487 [Worker-137] INFO  o.e.m.w.i.f.ResourceFilteringBuildParticipant - Changed resources require a complete clean of filtered resources of examen_CL2
2023-10-24 19:12:47,487 [Worker-137] INFO  o.e.m.w.i.f.ResourceFilteringBuildParticipant - Executing resource filtering for examen_CL2
2023-10-24 19:12:47,490 [Worker-137] WARN  o.e.m.c.i.embedder.EclipseLogger - Using platform encoding (Cp1252 actually) to copy filtered resources, i.e. build is platform dependent!
2023-10-24 19:17:04,224 [Stop Help Server] INFO  o.e.jetty.server.ServerConnector - Stopped ServerConnector@3c1e5dec{HTTP/1.1}{127.0.0.1:0}
2023-10-24 19:17:04,247 [Stop Help Server] INFO  o.e.j.server.handler.ContextHandler - Stopped o.e.j.s.ServletContextHandler@4a0e6e8a{/help,null,UNAVAILABLE}
2023-10-24 19:17:37,200 [Worker-3] WARN  o.e.m.c.i.embedder.EclipseLogger - Using platform encoding (Cp1252 actually) to copy filtered resources, i.e. build is platform dependent!
2023-10-24 19:17:37,212 [Worker-3] INFO  o.e.m.c.i.embedder.EclipseLogger - Copying 1 resource
2023-10-24 19:17:37,220 [Worker-3] WARN  o.e.m.c.i.embedder.EclipseLogger - Using platform encoding (Cp1252 actually) to copy filtered resources, i.e. build is platform dependent!
2023-10-24 19:17:37,221 [Worker-3] INFO  o.e.m.c.i.embedder.EclipseLogger - skip non existing resourceDirectory C:\Users\DAVID\Desktop\CL2_maven-Anastacio Huertas\examen_CL2\src\test\resources
2023-10-24 19:17:37,472 [Worker-0] INFO  o.e.m.c.i.i.nexus.NexusIndexManager - Updating index for repository: central|https://repo.maven.apache.org/maven2
2023-10-24 19:26:19,354 [Worker-16] WARN  o.e.m.c.i.embedder.EclipseLogger - Using platform encoding (Cp1252 actually) to copy filtered resources, i.e. build is platform dependent!
2023-10-24 19:26:19,360 [Worker-16] INFO  o.e.m.c.i.embedder.EclipseLogger - Copying 0 resource
2023-10-24 19:26:19,362 [Worker-16] WARN  o.e.m.c.i.embedder.EclipseLogger - Using platform encoding (Cp1252 actually) to copy filtered resources, i.e. build is platform dependent!
2023-10-24 19:26:19,362 [Worker-16] INFO  o.e.m.c.i.embedder.EclipseLogger - skip non existing resourceDirectory C:\Users\DAVID\Desktop\CL2_maven-Anastacio Huertas\examen_CL2\src\test\resources
2023-10-24 19:27:28,225 [Worker-25] INFO  o.e.m.c.i.e.AbstractTransferListenerAdapter - Downloading https://repo.maven.apache.org/maven2/org/eclipse/persistence/eclipselink/2.7.1/eclipselink-2.7.1-sources.jar
2023-10-24 19:27:32,889 [Worker-25] INFO  o.e.m.c.i.e.AbstractTransferListenerAdapter - Downloaded https://repo.maven.apache.org/maven2/org/eclipse/persistence/eclipselink/2.7.1/eclipselink-2.7.1-sources.jar
2023-10-24 19:27:33,092 [Worker-25] INFO  o.e.m.j.internal.DownloadSourcesJob - Downloaded sources for org.eclipse.persistence:eclipselink:2.7.1
2023-10-24 19:27:33,590 [Worker-26] WARN  o.e.m.c.i.embedder.EclipseLogger - Using platform encoding (Cp1252 actually) to copy filtered resources, i.e. build is platform dependent!
2023-10-24 19:27:33,594 [Worker-26] INFO  o.e.m.c.i.embedder.EclipseLogger - Copying 0 resource
2023-10-24 19:27:33,598 [Worker-26] WARN  o.e.m.c.i.embedder.EclipseLogger - Using platform encoding (Cp1252 actually) to copy filtered resources, i.e. build is platform dependent!
2023-10-24 19:27:33,598 [Worker-26] INFO  o.e.m.c.i.embedder.EclipseLogger - skip non existing resourceDirectory C:\Users\DAVID\Desktop\CL2_maven-Anastacio Huertas\examen_CL2\src\test\resources
2023-10-24 19:27:41,845 [Worker-16] WARN  o.e.m.c.i.embedder.EclipseLogger - Using platform encoding (Cp1252 actually) to copy filtered resources, i.e. build is platform dependent!
2023-10-24 19:27:41,849 [Worker-16] INFO  o.e.m.c.i.embedder.EclipseLogger - Copying 1 resource
2023-10-24 19:27:41,851 [Worker-16] WARN  o.e.m.c.i.embedder.EclipseLogger - Using platform encoding (Cp1252 actually) to copy filtered resources, i.e. build is platform dependent!
2023-10-24 19:27:41,852 [Worker-16] INFO  o.e.m.c.i.embedder.EclipseLogger - skip non existing resourceDirectory C:\Users\DAVID\Desktop\CL2_maven-Anastacio Huertas\examen_CL2\src\test\resources
2023-10-24 19:29:41,873 [Start Help Server] INFO  org.eclipse.jetty.util.log - Logging initialized @755754ms
2023-10-24 19:29:42,035 [Start Help Server] INFO  org.eclipse.jetty.server.Server - jetty-9.2.9.v20150224
2023-10-24 19:29:42,083 [Start Help Server] INFO  o.e.j.server.handler.ContextHandler - Started o.e.j.s.ServletContextHandler@37640fc7{/help,null,AVAILABLE}
2023-10-24 19:29:42,109 [Start Help Server] INFO  o.e.jetty.server.ServerConnector - Started ServerConnector@61fd58b0{HTTP/1.1}{127.0.0.1:56979}
2023-10-24 19:29:42,109 [Start Help Server] INFO  org.eclipse.jetty.server.Server - Started @755990ms
2023-10-24 19:29:43,165 [Worker-24] WARN  o.e.r.models.ModelRepository - Failed to download org.eclipse.recommenders:index::zip:0.0.0
org.eclipse.aether.resolution.ArtifactResolutionException: Could not find artifact org.eclipse.recommenders:index:zip:0.0.0-SNAPSHOT in models (http://download.eclipse.org/recommenders/models/mars/)
	at org.eclipse.aether.internal.impl.DefaultArtifactResolver.resolve(DefaultArtifactResolver.java:444) ~[na:na]
	at org.eclipse.aether.internal.impl.DefaultArtifactResolver.resolveArtifacts(DefaultArtifactResolver.java:246) ~[na:na]
	at org.eclipse.aether.internal.impl.DefaultArtifactResolver.resolveArtifact(DefaultArtifactResolver.java:223) ~[na:na]
	at org.eclipse.aether.internal.impl.DefaultRepositorySystem.resolveArtifact(DefaultRepositorySystem.java:294) ~[na:na]
	at org.eclipse.recommenders.models.ModelRepository.resolveInternal(ModelRepository.java:190) [org.eclipse.recommenders.models_2.2.0.v20150609-1848.jar:na]
	at org.eclipse.recommenders.models.ModelRepository.resolve(ModelRepository.java:172) [org.eclipse.recommenders.models_2.2.0.v20150609-1848.jar:na]
	at org.eclipse.recommenders.internal.models.rcp.EclipseModelRepository.resolve(EclipseModelRepository.java:167) [org.eclipse.recommenders.models.rcp_2.2.0.v20150609-1848.jar:na]
	at org.eclipse.recommenders.internal.models.rcp.DownloadModelArchiveJob.run(DownloadModelArchiveJob.java:76) [org.eclipse.recommenders.models.rcp_2.2.0.v20150609-1848.jar:na]
	at org.eclipse.core.internal.jobs.Worker.run(Worker.java:55) [org.eclipse.core.jobs_3.7.0.v20150330-2103.jar:na]
Caused by: org.eclipse.aether.transfer.ArtifactNotFoundException: Could not find artifact org.eclipse.recommenders:index:zip:0.0.0-SNAPSHOT in models (http://download.eclipse.org/recommenders/models/mars/)
	at org.eclipse.aether.connector.basic.ArtifactTransportListener.transferFailed(ArtifactTransportListener.java:39) ~[org.eclipse.aether.connector.basic_1.0.1.v20141111.jar:na]
	at org.eclipse.aether.connector.basic.BasicRepositoryConnector$TaskRunner.run(BasicRepositoryConnector.java:355) ~[org.eclipse.aether.connector.basic_1.0.1.v20141111.jar:na]
	at org.eclipse.aether.util.concurrency.RunnableErrorForwarder$1.run(RunnableErrorForwarder.java:67) ~[na:na]
	at org.eclipse.aether.connector.basic.BasicRepositoryConnector$DirectExecutor.execute(BasicRepositoryConnector.java:581) ~[org.eclipse.aether.connector.basic_1.0.1.v20141111.jar:na]
	at org.eclipse.aether.connector.basic.BasicRepositoryConnector.get(BasicRepositoryConnector.java:249) ~[org.eclipse.aether.connector.basic_1.0.1.v20141111.jar:na]
	at org.eclipse.aether.internal.impl.DefaultArtifactResolver.performDownloads(DefaultArtifactResolver.java:520) ~[na:na]
	at org.eclipse.aether.internal.impl.DefaultArtifactResolver.resolve(DefaultArtifactResolver.java:421) ~[na:na]
	... 8 common frames omitted
2023-10-24 19:30:17,203 [Worker-16] WARN  o.e.m.c.i.embedder.EclipseLogger - Using platform encoding (Cp1252 actually) to copy filtered resources, i.e. build is platform dependent!
2023-10-24 19:30:17,205 [Worker-16] INFO  o.e.m.c.i.embedder.EclipseLogger - Copying 1 resource
2023-10-24 19:30:17,207 [Worker-16] WARN  o.e.m.c.i.embedder.EclipseLogger - Using platform encoding (Cp1252 actually) to copy filtered resources, i.e. build is platform dependent!
2023-10-24 19:30:17,207 [Worker-16] INFO  o.e.m.c.i.embedder.EclipseLogger - skip non existing resourceDirectory C:\Users\DAVID\Desktop\CL2_maven-Anastacio Huertas\examen_CL2\src\test\resources
2023-10-24 19:32:45,275 [Worker-0] ERROR o.e.m.c.i.i.nexus.NexusIndexManager - Unable to update index for central|https://repo.maven.apache.org/maven2: C:\Users\DAVID\.m2\repository\.cache\m2e\1.6.0\05b0fe8524860bd73cbb07ef30fb34cc\nexus-maven-repository-index.zip (El sistema no puede encontrar el archivo especificado)
java.io.FileNotFoundException: C:\Users\DAVID\.m2\repository\.cache\m2e\1.6.0\05b0fe8524860bd73cbb07ef30fb34cc\nexus-maven-repository-index.zip (El sistema no puede encontrar el archivo especificado)
	at java.io.FileInputStream.open0(Native Method) ~[na:1.8.0_161]
	at java.io.FileInputStream.open(Unknown Source) ~[na:1.8.0_161]
	at java.io.FileInputStream.<init>(Unknown Source) ~[na:1.8.0_161]
	at org.apache.maven.index.updater.DefaultIndexUpdater$FileFetcher.retrieve(DefaultIndexUpdater.java:568) ~[indexer-core-3.1.0.jar:3.1.0]
	at org.apache.maven.index.updater.DefaultIndexUpdater.loadIndexDirectory(DefaultIndexUpdater.java:206) ~[indexer-core-3.1.0.jar:3.1.0]
	at org.apache.maven.index.updater.DefaultIndexUpdater.access$300(DefaultIndexUpdater.java:75) ~[indexer-core-3.1.0.jar:3.1.0]
	at org.apache.maven.index.updater.DefaultIndexUpdater$LuceneIndexAdaptor.setIndexFile(DefaultIndexUpdater.java:645) ~[indexer-core-3.1.0.jar:3.1.0]
	at org.apache.maven.index.updater.DefaultIndexUpdater.fetchAndUpdateIndex(DefaultIndexUpdater.java:844) ~[indexer-core-3.1.0.jar:3.1.0]
	at org.apache.maven.index.updater.DefaultIndexUpdater.fetchAndUpdateIndex(DefaultIndexUpdater.java:156) ~[indexer-core-3.1.0.jar:3.1.0]
	at org.eclipse.m2e.core.internal.index.nexus.NexusIndexManager.updateRemoteIndex(NexusIndexManager.java:1140) [org.eclipse.m2e.core_1.6.0.20150526-2032.jar:na]
	at org.eclipse.m2e.core.internal.index.nexus.NexusIndexManager.updateIndex(NexusIndexManager.java:1084) [org.eclipse.m2e.core_1.6.0.20150526-2032.jar:na]
	at org.eclipse.m2e.core.internal.index.nexus.NexusIndexManager$1.run(NexusIndexManager.java:656) [org.eclipse.m2e.core_1.6.0.20150526-2032.jar:na]
	at org.eclipse.m2e.core.internal.index.nexus.IndexUpdaterJob.run(IndexUpdaterJob.java:72) [org.eclipse.m2e.core_1.6.0.20150526-2032.jar:na]
	at org.eclipse.core.internal.jobs.Worker.run(Worker.java:55) [org.eclipse.core.jobs_3.7.0.v20150330-2103.jar:na]
2023-10-24 19:39:55,258 [Worker-25] INFO  o.e.m.c.i.p.ProjectConfigurationManager - Collecting project info '/pom.xml' C:\Users\DAVID\Desktop\CL2_maven-Anastacio Huertas\rfrrrr\pom.xml
2023-10-24 19:39:56,129 [Worker-25] INFO  o.e.m.c.i.l.LifecycleMappingFactory - Using org.maven.ide.eclipse.wtp.WarLifecycleMapping lifecycle mapping for MavenProject: com.maven.examen:rfrrrr:0.0.1-SNAPSHOT @ C:\Users\DAVID\Desktop\CL2_maven-Anastacio Huertas\rfrrrr\pom.xml.
2023-10-24 19:39:56,377 [Worker-25] INFO  o.e.m.j.i.AbstractJavaProjectConfigurator - Adding source folder /rfrrrr/src/main/java
2023-10-24 19:39:56,377 [Worker-25] INFO  o.e.m.j.i.AbstractJavaProjectConfigurator - Adding resource folder /rfrrrr/src/main/resources
2023-10-24 19:39:56,378 [Worker-25] INFO  o.e.m.j.i.AbstractJavaProjectConfigurator - Adding source folder /rfrrrr/src/test/java
2023-10-24 19:39:57,150 [Worker-25] INFO  o.e.m.c.i.p.ProjectConfigurationManager - Imported and configured 1 project(s) in 1 sec
2023-10-24 19:39:57,437 [Worker-26] WARN  o.e.m.c.i.embedder.EclipseLogger - Using platform encoding (Cp1252 actually) to copy filtered resources, i.e. build is platform dependent!
2023-10-24 19:39:57,439 [Worker-26] INFO  o.e.m.c.i.embedder.EclipseLogger - Copying 0 resource
2023-10-24 19:39:57,440 [Worker-26] WARN  o.e.m.c.i.embedder.EclipseLogger - Using platform encoding (Cp1252 actually) to copy filtered resources, i.e. build is platform dependent!
2023-10-24 19:39:57,441 [Worker-26] INFO  o.e.m.c.i.embedder.EclipseLogger - skip non existing resourceDirectory C:\Users\DAVID\Desktop\CL2_maven-Anastacio Huertas\rfrrrr\src\test\resources
2023-10-24 19:39:58,577 [Worker-25] WARN  o.e.m.c.i.embedder.EclipseLogger - Using platform encoding (Cp1252 actually) to copy filtered resources, i.e. build is platform dependent!
2023-10-24 19:39:58,579 [Worker-25] INFO  o.e.m.c.i.embedder.EclipseLogger - Copying 0 resource
2023-10-24 19:39:58,580 [Worker-25] WARN  o.e.m.c.i.embedder.EclipseLogger - Using platform encoding (Cp1252 actually) to copy filtered resources, i.e. build is platform dependent!
2023-10-24 19:39:58,580 [Worker-25] INFO  o.e.m.c.i.embedder.EclipseLogger - skip non existing resourceDirectory C:\Users\DAVID\Desktop\CL2_maven-Anastacio Huertas\rfrrrr\src\test\resources
2023-10-24 19:40:37,030 [Worker-24] INFO  o.e.m.c.i.l.LifecycleMappingFactory - Using org.maven.ide.eclipse.wtp.WarLifecycleMapping lifecycle mapping for MavenProject: com.maven.examen:rfrrrr:0.0.1-SNAPSHOT @ C:\Users\DAVID\Desktop\CL2_maven-Anastacio Huertas\rfrrrr\pom.xml.
2023-10-24 19:40:37,136 [Worker-24] WARN  o.e.m.c.i.embedder.EclipseLogger - Using platform encoding (Cp1252 actually) to copy filtered resources, i.e. build is platform dependent!
2023-10-24 19:40:37,137 [Worker-24] INFO  o.e.m.c.i.embedder.EclipseLogger - Copying 0 resource
2023-10-24 19:40:37,140 [Worker-24] WARN  o.e.m.c.i.embedder.EclipseLogger - Using platform encoding (Cp1252 actually) to copy filtered resources, i.e. build is platform dependent!
2023-10-24 19:40:37,141 [Worker-24] INFO  o.e.m.c.i.embedder.EclipseLogger - skip non existing resourceDirectory C:\Users\DAVID\Desktop\CL2_maven-Anastacio Huertas\rfrrrr\src\test\resources
2023-10-24 19:40:37,142 [Worker-24] INFO  o.e.m.w.i.f.ResourceFilteringBuildParticipant - Changed resources require a complete clean of filtered resources of rfrrrr
2023-10-24 19:40:37,144 [Worker-24] INFO  o.e.m.w.i.f.ResourceFilteringBuildParticipant - Executing resource filtering for rfrrrr
2023-10-24 19:40:37,150 [Worker-24] WARN  o.e.m.c.i.embedder.EclipseLogger - Using platform encoding (Cp1252 actually) to copy filtered resources, i.e. build is platform dependent!
2023-10-24 19:40:58,384 [Worker-29] INFO  o.e.m.c.i.l.LifecycleMappingFactory - Using org.maven.ide.eclipse.wtp.WarLifecycleMapping lifecycle mapping for MavenProject: com.maven.examen:rfrrrr:0.0.1-SNAPSHOT @ C:\Users\DAVID\Desktop\CL2_maven-Anastacio Huertas\rfrrrr\pom.xml.
2023-10-24 19:40:59,016 [Worker-29] WARN  o.e.m.c.i.embedder.EclipseLogger - Using platform encoding (Cp1252 actually) to copy filtered resources, i.e. build is platform dependent!
2023-10-24 19:40:59,018 [Worker-29] INFO  o.e.m.c.i.embedder.EclipseLogger - Copying 0 resource
2023-10-24 19:40:59,019 [Worker-29] WARN  o.e.m.c.i.embedder.EclipseLogger - Using platform encoding (Cp1252 actually) to copy filtered resources, i.e. build is platform dependent!
2023-10-24 19:40:59,020 [Worker-29] INFO  o.e.m.c.i.embedder.EclipseLogger - skip non existing resourceDirectory C:\Users\DAVID\Desktop\CL2_maven-Anastacio Huertas\rfrrrr\src\test\resources
2023-10-24 19:40:59,020 [Worker-29] INFO  o.e.m.w.i.f.ResourceFilteringBuildParticipant - Changed resources require a complete clean of filtered resources of rfrrrr
2023-10-24 19:40:59,020 [Worker-29] INFO  o.e.m.w.i.f.ResourceFilteringBuildParticipant - Executing resource filtering for rfrrrr
2023-10-24 19:40:59,024 [Worker-29] WARN  o.e.m.c.i.embedder.EclipseLogger - Using platform encoding (Cp1252 actually) to copy filtered resources, i.e. build is platform dependent!
2023-10-24 19:41:00,493 [Worker-24] WARN  o.e.m.c.i.embedder.EclipseLogger - Using platform encoding (Cp1252 actually) to copy filtered resources, i.e. build is platform dependent!
2023-10-24 19:41:00,493 [Worker-24] INFO  o.e.m.c.i.embedder.EclipseLogger - Copying 0 resource
2023-10-24 19:41:00,495 [Worker-24] WARN  o.e.m.c.i.embedder.EclipseLogger - Using platform encoding (Cp1252 actually) to copy filtered resources, i.e. build is platform dependent!
2023-10-24 19:41:00,495 [Worker-24] INFO  o.e.m.c.i.embedder.EclipseLogger - skip non existing resourceDirectory C:\Users\DAVID\Desktop\CL2_maven-Anastacio Huertas\rfrrrr\src\test\resources
2023-10-24 19:41:18,172 [Worker-31] INFO  o.e.m.c.i.l.LifecycleMappingFactory - Using org.maven.ide.eclipse.wtp.WarLifecycleMapping lifecycle mapping for MavenProject: com.maven.examen:rfrrrr:0.0.1-SNAPSHOT @ C:\Users\DAVID\Desktop\CL2_maven-Anastacio Huertas\rfrrrr\pom.xml.
2023-10-24 19:41:18,717 [Worker-31] WARN  o.e.m.c.i.embedder.EclipseLogger - Using platform encoding (Cp1252 actually) to copy filtered resources, i.e. build is platform dependent!
2023-10-24 19:41:18,718 [Worker-31] INFO  o.e.m.c.i.embedder.EclipseLogger - Copying 0 resource
2023-10-24 19:41:18,720 [Worker-31] WARN  o.e.m.c.i.embedder.EclipseLogger - Using platform encoding (Cp1252 actually) to copy filtered resources, i.e. build is platform dependent!
2023-10-24 19:41:18,721 [Worker-31] INFO  o.e.m.c.i.embedder.EclipseLogger - skip non existing resourceDirectory C:\Users\DAVID\Desktop\CL2_maven-Anastacio Huertas\rfrrrr\src\test\resources
2023-10-24 19:41:18,722 [Worker-31] INFO  o.e.m.w.i.f.ResourceFilteringBuildParticipant - Changed resources require a complete clean of filtered resources of rfrrrr
2023-10-24 19:41:18,722 [Worker-31] INFO  o.e.m.w.i.f.ResourceFilteringBuildParticipant - Executing resource filtering for rfrrrr
2023-10-24 19:41:18,726 [Worker-31] WARN  o.e.m.c.i.embedder.EclipseLogger - Using platform encoding (Cp1252 actually) to copy filtered resources, i.e. build is platform dependent!
2023-10-24 19:54:58,642 [Worker-33] WARN  o.e.m.c.i.embedder.EclipseLogger - Using platform encoding (Cp1252 actually) to copy filtered resources, i.e. build is platform dependent!
2023-10-24 19:54:58,645 [Worker-33] INFO  o.e.m.c.i.embedder.EclipseLogger - Copying 0 resource
2023-10-24 19:54:58,646 [Worker-33] WARN  o.e.m.c.i.embedder.EclipseLogger - Using platform encoding (Cp1252 actually) to copy filtered resources, i.e. build is platform dependent!
2023-10-24 19:54:58,647 [Worker-33] INFO  o.e.m.c.i.embedder.EclipseLogger - skip non existing resourceDirectory C:\Users\DAVID\Desktop\CL2_maven-Anastacio Huertas\examen_CL2\src\test\resources
2023-10-24 20:03:02,573 [Worker-29] WARN  o.e.m.c.i.embedder.EclipseLogger - Using platform encoding (Cp1252 actually) to copy filtered resources, i.e. build is platform dependent!
2023-10-24 20:03:02,574 [Worker-29] INFO  o.e.m.c.i.embedder.EclipseLogger - Copying 0 resource
2023-10-24 20:03:02,574 [Worker-29] WARN  o.e.m.c.i.embedder.EclipseLogger - Using platform encoding (Cp1252 actually) to copy filtered resources, i.e. build is platform dependent!
2023-10-24 20:03:02,575 [Worker-29] INFO  o.e.m.c.i.embedder.EclipseLogger - skip non existing resourceDirectory C:\Users\DAVID\Desktop\CL2_maven-Anastacio Huertas\examen_CL2\src\test\resources
2023-10-24 20:06:10,149 [Worker-29] WARN  o.e.m.c.i.embedder.EclipseLogger - Using platform encoding (Cp1252 actually) to copy filtered resources, i.e. build is platform dependent!
2023-10-24 20:06:10,151 [Worker-29] INFO  o.e.m.c.i.embedder.EclipseLogger - Copying 0 resource
2023-10-24 20:06:10,152 [Worker-29] WARN  o.e.m.c.i.embedder.EclipseLogger - Using platform encoding (Cp1252 actually) to copy filtered resources, i.e. build is platform dependent!
2023-10-24 20:06:10,153 [Worker-29] INFO  o.e.m.c.i.embedder.EclipseLogger - skip non existing resourceDirectory C:\Users\DAVID\Desktop\CL2_maven-Anastacio Huertas\examen_CL2\src\test\resources
2023-10-24 20:06:23,305 [Worker-36] WARN  o.e.m.c.i.embedder.EclipseLogger - Using platform encoding (Cp1252 actually) to copy filtered resources, i.e. build is platform dependent!
2023-10-24 20:06:23,307 [Worker-36] INFO  o.e.m.c.i.embedder.EclipseLogger - Copying 0 resource
2023-10-24 20:06:23,309 [Worker-36] WARN  o.e.m.c.i.embedder.EclipseLogger - Using platform encoding (Cp1252 actually) to copy filtered resources, i.e. build is platform dependent!
2023-10-24 20:06:23,309 [Worker-36] INFO  o.e.m.c.i.embedder.EclipseLogger - skip non existing resourceDirectory C:\Users\DAVID\Desktop\CL2_maven-Anastacio Huertas\examen_CL2\src\test\resources
2023-10-24 20:06:41,689 [Worker-29] WARN  o.e.m.c.i.embedder.EclipseLogger - Using platform encoding (Cp1252 actually) to copy filtered resources, i.e. build is platform dependent!
2023-10-24 20:06:41,690 [Worker-29] INFO  o.e.m.c.i.embedder.EclipseLogger - Copying 0 resource
2023-10-24 20:06:41,693 [Worker-29] WARN  o.e.m.c.i.embedder.EclipseLogger - Using platform encoding (Cp1252 actually) to copy filtered resources, i.e. build is platform dependent!
2023-10-24 20:06:41,694 [Worker-29] INFO  o.e.m.c.i.embedder.EclipseLogger - skip non existing resourceDirectory C:\Users\DAVID\Desktop\CL2_maven-Anastacio Huertas\examen_CL2\src\test\resources
2023-10-24 20:06:50,068 [Worker-29] WARN  o.e.m.c.i.embedder.EclipseLogger - Using platform encoding (Cp1252 actually) to copy filtered resources, i.e. build is platform dependent!
2023-10-24 20:06:50,069 [Worker-29] INFO  o.e.m.c.i.embedder.EclipseLogger - Copying 0 resource
2023-10-24 20:06:50,071 [Worker-29] WARN  o.e.m.c.i.embedder.EclipseLogger - Using platform encoding (Cp1252 actually) to copy filtered resources, i.e. build is platform dependent!
2023-10-24 20:06:50,071 [Worker-29] INFO  o.e.m.c.i.embedder.EclipseLogger - skip non existing resourceDirectory C:\Users\DAVID\Desktop\CL2_maven-Anastacio Huertas\examen_CL2\src\test\resources
2023-10-24 20:09:02,469 [Worker-24] WARN  o.e.m.c.i.embedder.EclipseLogger - Using platform encoding (Cp1252 actually) to copy filtered resources, i.e. build is platform dependent!
2023-10-24 20:09:02,470 [Worker-24] INFO  o.e.m.c.i.embedder.EclipseLogger - Copying 0 resource
2023-10-24 20:09:02,471 [Worker-24] WARN  o.e.m.c.i.embedder.EclipseLogger - Using platform encoding (Cp1252 actually) to copy filtered resources, i.e. build is platform dependent!
2023-10-24 20:09:02,472 [Worker-24] INFO  o.e.m.c.i.embedder.EclipseLogger - skip non existing resourceDirectory C:\Users\DAVID\Desktop\CL2_maven-Anastacio Huertas\examen_CL2\src\test\resources
2023-10-24 20:09:07,435 [Worker-37] WARN  o.e.m.c.i.embedder.EclipseLogger - Using platform encoding (Cp1252 actually) to copy filtered resources, i.e. build is platform dependent!
2023-10-24 20:09:07,437 [Worker-37] INFO  o.e.m.c.i.embedder.EclipseLogger - Copying 0 resource
2023-10-24 20:09:07,437 [Worker-37] WARN  o.e.m.c.i.embedder.EclipseLogger - Using platform encoding (Cp1252 actually) to copy filtered resources, i.e. build is platform dependent!
2023-10-24 20:09:07,437 [Worker-37] INFO  o.e.m.c.i.embedder.EclipseLogger - skip non existing resourceDirectory C:\Users\DAVID\Desktop\CL2_maven-Anastacio Huertas\examen_CL2\src\test\resources
2023-10-24 20:13:40,280 [Worker-24] WARN  o.e.m.c.i.embedder.EclipseLogger - Using platform encoding (Cp1252 actually) to copy filtered resources, i.e. build is platform dependent!
2023-10-24 20:13:40,281 [Worker-24] INFO  o.e.m.c.i.embedder.EclipseLogger - Copying 0 resource
2023-10-24 20:13:40,282 [Worker-24] WARN  o.e.m.c.i.embedder.EclipseLogger - Using platform encoding (Cp1252 actually) to copy filtered resources, i.e. build is platform dependent!
2023-10-24 20:13:40,282 [Worker-24] INFO  o.e.m.c.i.embedder.EclipseLogger - skip non existing resourceDirectory C:\Users\DAVID\Desktop\CL2_maven-Anastacio Huertas\examen_CL2\src\test\resources
2023-10-24 20:15:57,904 [Worker-40] WARN  o.e.m.c.i.embedder.EclipseLogger - Using platform encoding (Cp1252 actually) to copy filtered resources, i.e. build is platform dependent!
2023-10-24 20:15:57,905 [Worker-40] INFO  o.e.m.c.i.embedder.EclipseLogger - Copying 0 resource
2023-10-24 20:15:57,905 [Worker-40] WARN  o.e.m.c.i.embedder.EclipseLogger - Using platform encoding (Cp1252 actually) to copy filtered resources, i.e. build is platform dependent!
2023-10-24 20:15:57,907 [Worker-40] INFO  o.e.m.c.i.embedder.EclipseLogger - skip non existing resourceDirectory C:\Users\DAVID\Desktop\CL2_maven-Anastacio Huertas\examen_CL2\src\test\resources
2023-10-24 20:20:06,494 [Worker-38] WARN  o.e.m.c.i.embedder.EclipseLogger - Using platform encoding (Cp1252 actually) to copy filtered resources, i.e. build is platform dependent!
2023-10-24 20:20:06,495 [Worker-38] INFO  o.e.m.c.i.embedder.EclipseLogger - Copying 1 resource
2023-10-24 20:20:06,497 [Worker-38] WARN  o.e.m.c.i.embedder.EclipseLogger - Using platform encoding (Cp1252 actually) to copy filtered resources, i.e. build is platform dependent!
2023-10-24 20:20:06,499 [Worker-38] INFO  o.e.m.c.i.embedder.EclipseLogger - skip non existing resourceDirectory C:\Users\DAVID\Desktop\CL2_maven-Anastacio Huertas\examen_CL2\src\test\resources
2023-10-24 20:20:09,325 [Worker-42] WARN  o.e.m.c.i.embedder.EclipseLogger - Using platform encoding (Cp1252 actually) to copy filtered resources, i.e. build is platform dependent!
2023-10-24 20:20:09,327 [Worker-42] INFO  o.e.m.c.i.embedder.EclipseLogger - Copying 1 resource
2023-10-24 20:20:09,328 [Worker-42] WARN  o.e.m.c.i.embedder.EclipseLogger - Using platform encoding (Cp1252 actually) to copy filtered resources, i.e. build is platform dependent!
2023-10-24 20:20:09,329 [Worker-42] INFO  o.e.m.c.i.embedder.EclipseLogger - skip non existing resourceDirectory C:\Users\DAVID\Desktop\CL2_maven-Anastacio Huertas\examen_CL2\src\test\resources
2023-10-24 20:22:14,603 [Worker-38] WARN  o.e.m.c.i.embedder.EclipseLogger - Using platform encoding (Cp1252 actually) to copy filtered resources, i.e. build is platform dependent!
2023-10-24 20:22:14,604 [Worker-38] INFO  o.e.m.c.i.embedder.EclipseLogger - Copying 0 resource
2023-10-24 20:22:14,605 [Worker-38] WARN  o.e.m.c.i.embedder.EclipseLogger - Using platform encoding (Cp1252 actually) to copy filtered resources, i.e. build is platform dependent!
2023-10-24 20:22:14,605 [Worker-38] INFO  o.e.m.c.i.embedder.EclipseLogger - skip non existing resourceDirectory C:\Users\DAVID\Desktop\CL2_maven-Anastacio Huertas\examen_CL2\src\test\resources
2023-10-24 20:22:40,065 [Worker-42] WARN  o.e.m.c.i.embedder.EclipseLogger - Using platform encoding (Cp1252 actually) to copy filtered resources, i.e. build is platform dependent!
2023-10-24 20:22:40,068 [Worker-42] INFO  o.e.m.c.i.embedder.EclipseLogger - Copying 0 resource
2023-10-24 20:22:40,069 [Worker-42] WARN  o.e.m.c.i.embedder.EclipseLogger - Using platform encoding (Cp1252 actually) to copy filtered resources, i.e. build is platform dependent!
2023-10-24 20:22:40,069 [Worker-42] INFO  o.e.m.c.i.embedder.EclipseLogger - skip non existing resourceDirectory C:\Users\DAVID\Desktop\CL2_maven-Anastacio Huertas\examen_CL2\src\test\resources
2023-10-24 20:24:56,093 [Worker-43] WARN  o.e.m.c.i.embedder.EclipseLogger - Using platform encoding (Cp1252 actually) to copy filtered resources, i.e. build is platform dependent!
2023-10-24 20:24:56,094 [Worker-43] INFO  o.e.m.c.i.embedder.EclipseLogger - Copying 0 resource
2023-10-24 20:24:56,096 [Worker-43] WARN  o.e.m.c.i.embedder.EclipseLogger - Using platform encoding (Cp1252 actually) to copy filtered resources, i.e. build is platform dependent!
2023-10-24 20:24:56,096 [Worker-43] INFO  o.e.m.c.i.embedder.EclipseLogger - skip non existing resourceDirectory C:\Users\DAVID\Desktop\CL2_maven-Anastacio Huertas\examen_CL2\src\test\resources
2023-10-24 20:24:57,792 [Stop Help Server] INFO  o.e.jetty.server.ServerConnector - Stopped ServerConnector@61fd58b0{HTTP/1.1}{127.0.0.1:0}
2023-10-24 20:24:57,815 [Stop Help Server] INFO  o.e.j.server.handler.ContextHandler - Stopped o.e.j.s.ServletContextHandler@37640fc7{/help,null,UNAVAILABLE}
2023-10-24 20:25:36,928 [Worker-11] WARN  o.e.m.c.i.embedder.EclipseLogger - Using platform encoding (Cp1252 actually) to copy filtered resources, i.e. build is platform dependent!
2023-10-24 20:25:36,935 [Worker-11] INFO  o.e.m.c.i.embedder.EclipseLogger - Copying 1 resource
2023-10-24 20:25:36,943 [Worker-11] WARN  o.e.m.c.i.embedder.EclipseLogger - Using platform encoding (Cp1252 actually) to copy filtered resources, i.e. build is platform dependent!
2023-10-24 20:25:36,944 [Worker-11] INFO  o.e.m.c.i.embedder.EclipseLogger - skip non existing resourceDirectory C:\Users\DAVID\Desktop\CL2_maven-Anastacio Huertas\examen_CL2\src\test\resources
2023-10-24 20:25:37,413 [Worker-5] INFO  o.e.m.c.i.i.nexus.NexusIndexManager - Updating index for repository: central|https://repo.maven.apache.org/maven2
2023-10-24 20:26:53,274 [Worker-16] WARN  o.e.m.c.i.embedder.EclipseLogger - Using platform encoding (Cp1252 actually) to copy filtered resources, i.e. build is platform dependent!
2023-10-24 20:26:53,280 [Worker-16] INFO  o.e.m.c.i.embedder.EclipseLogger - Copying 0 resource
2023-10-24 20:26:53,281 [Worker-16] WARN  o.e.m.c.i.embedder.EclipseLogger - Using platform encoding (Cp1252 actually) to copy filtered resources, i.e. build is platform dependent!
2023-10-24 20:26:53,283 [Worker-16] INFO  o.e.m.c.i.embedder.EclipseLogger - skip non existing resourceDirectory C:\Users\DAVID\Desktop\CL2_maven-Anastacio Huertas\examen_CL2\src\test\resources
2023-10-24 20:27:10,915 [Worker-8] WARN  o.e.m.c.i.embedder.EclipseLogger - Using platform encoding (Cp1252 actually) to copy filtered resources, i.e. build is platform dependent!
2023-10-24 20:27:10,916 [Worker-8] INFO  o.e.m.c.i.embedder.EclipseLogger - Copying 0 resource
2023-10-24 20:27:10,918 [Worker-8] WARN  o.e.m.c.i.embedder.EclipseLogger - Using platform encoding (Cp1252 actually) to copy filtered resources, i.e. build is platform dependent!
2023-10-24 20:27:10,919 [Worker-8] INFO  o.e.m.c.i.embedder.EclipseLogger - skip non existing resourceDirectory C:\Users\DAVID\Desktop\CL2_maven-Anastacio Huertas\examen_CL2\src\test\resources
2023-10-24 20:31:16,213 [Worker-22] WARN  o.e.m.c.i.embedder.EclipseLogger - Using platform encoding (Cp1252 actually) to copy filtered resources, i.e. build is platform dependent!
2023-10-24 20:31:16,213 [Worker-22] INFO  o.e.m.c.i.embedder.EclipseLogger - Copying 0 resource
2023-10-24 20:31:16,216 [Worker-22] WARN  o.e.m.c.i.embedder.EclipseLogger - Using platform encoding (Cp1252 actually) to copy filtered resources, i.e. build is platform dependent!
2023-10-24 20:31:16,217 [Worker-22] INFO  o.e.m.c.i.embedder.EclipseLogger - skip non existing resourceDirectory C:\Users\DAVID\Desktop\CL2_maven-Anastacio Huertas\examen_CL2\src\test\resources
2023-10-24 20:32:10,785 [Worker-21] WARN  o.e.m.c.i.embedder.EclipseLogger - Using platform encoding (Cp1252 actually) to copy filtered resources, i.e. build is platform dependent!
2023-10-24 20:32:10,786 [Worker-21] INFO  o.e.m.c.i.embedder.EclipseLogger - Copying 0 resource
2023-10-24 20:32:10,788 [Worker-21] WARN  o.e.m.c.i.embedder.EclipseLogger - Using platform encoding (Cp1252 actually) to copy filtered resources, i.e. build is platform dependent!
2023-10-24 20:32:10,789 [Worker-21] INFO  o.e.m.c.i.embedder.EclipseLogger - skip non existing resourceDirectory C:\Users\DAVID\Desktop\CL2_maven-Anastacio Huertas\examen_CL2\src\test\resources
2023-10-24 20:32:32,762 [Worker-14] WARN  o.e.m.c.i.embedder.EclipseLogger - Using platform encoding (Cp1252 actually) to copy filtered resources, i.e. build is platform dependent!
2023-10-24 20:32:32,766 [Worker-14] INFO  o.e.m.c.i.embedder.EclipseLogger - Copying 0 resource
